This is pdfTeX, Version 3.141592653-2.6-1.40.23 (TeX Live 2021/W32TeX) (preloaded format=pdflatex 2022.2.26)  23 APR 2024 19:44
entering extended mode
 restricted \write18 enabled.
 file:line:error style messages enabled.
 %&-line parsing enabled.
**"c:/Users/carlo/OneDrive - Instituto Politecnico Nacional/Escuela/ESFM/Tesis/anguiano/anguiano/tesis/main.tex"
(c:/Users/carlo/OneDrive - Instituto Politecnico Nacional/Escuela/ESFM/Tesis/anguiano/anguiano/tesis/main.tex
LaTeX2e <2021-11-15> patch level 1
L3 programming layer <2022-02-24> (c:/texlive/2021/texmf-dist/tex/latex/base/report.cls
Document Class: report 2021/10/04 v1.4n Standard LaTeX document class
(c:/texlive/2021/texmf-dist/tex/latex/base/size12.clo
File: size12.clo 2021/10/04 v1.4n Standard LaTeX file (size option)
)
\c@part=\count185
\c@chapter=\count186
\c@section=\count187
\c@subsection=\count188
\c@subsubsection=\count189
\c@paragraph=\count190
\c@subparagraph=\count191
\c@figure=\count192
\c@table=\count193
\abovecaptionskip=\skip47
\belowcaptionskip=\skip48
\bibindent=\dimen138
) (c:/texlive/2021/texmf-dist/tex/latex/amsmath/amsmath.sty
Package: amsmath 2021/10/15 v2.17l AMS math features
\@mathmargin=\skip49

For additional information on amsmath, use the `?' option.
(c:/texlive/2021/texmf-dist/tex/latex/amsmath/amstext.sty
Package: amstext 2021/08/26 v2.01 AMS text
 (c:/texlive/2021/texmf-dist/tex/latex/amsmath/amsgen.sty
File: amsgen.sty 1999/11/30 v2.0 generic functions
\@emptytoks=\toks16
\ex@=\dimen139
)) (c:/texlive/2021/texmf-dist/tex/latex/amsmath/amsbsy.sty
Package: amsbsy 1999/11/29 v1.2d Bold Symbols
\pmbraise@=\dimen140
) (c:/texlive/2021/texmf-dist/tex/latex/amsmath/amsopn.sty
Package: amsopn 2021/08/26 v2.02 operator names
)
\inf@bad=\count194
LaTeX Info: Redefining \frac on input line 234.
\uproot@=\count195
\leftroot@=\count196
LaTeX Info: Redefining \overline on input line 399.
\classnum@=\count197
\DOTSCASE@=\count198
LaTeX Info: Redefining \ldots on input line 496.
LaTeX Info: Redefining \dots on input line 499.
LaTeX Info: Redefining \cdots on input line 620.
\Mathstrutbox@=\box50
\strutbox@=\box51
\big@size=\dimen141
LaTeX Font Info:    Redeclaring font encoding OML on input line 743.
LaTeX Font Info:    Redeclaring font encoding OMS on input line 744.
\macc@depth=\count199
\c@MaxMatrixCols=\count266
\dotsspace@=\muskip16
\c@parentequation=\count267
\dspbrk@lvl=\count268
\tag@help=\toks17
\row@=\count269
\column@=\count270
\maxfields@=\count271
\andhelp@=\toks18
\eqnshift@=\dimen142
\alignsep@=\dimen143
\tagshift@=\dimen144
\tagwidth@=\dimen145
\totwidth@=\dimen146
\lineht@=\dimen147
\@envbody=\toks19
\multlinegap=\skip50
\multlinetaggap=\skip51
\mathdisplay@stack=\toks20
LaTeX Info: Redefining \[ on input line 2938.
LaTeX Info: Redefining \] on input line 2939.
) (c:/texlive/2021/texmf-dist/tex/latex/sectsty/sectsty.sty
Package: sectsty 2002/02/25 v2.0.2 Commands to change all sectional heading styles


LaTeX Warning: Command \underbar  has changed.
               Check if current package is valid.


LaTeX Warning: Command \underline  has changed.
               Check if current package is valid.

) (c:/texlive/2021/texmf-dist/tex/latex/setspace/setspace.sty
Package: setspace 2011/12/19 v6.7a set line spacing
) (c:/texlive/2021/texmf-dist/tex/latex/amsfonts/amsfonts.sty
Package: amsfonts 2013/01/14 v3.01 Basic AMSFonts support
\symAMSa=\mathgroup4
\symAMSb=\mathgroup5
LaTeX Font Info:    Redeclaring math symbol \hbar on input line 98.
LaTeX Font Info:    Overwriting math alphabet `\mathfrak' in version `bold'
(Font)                  U/euf/m/n --> U/euf/b/n on input line 106.
) (c:/texlive/2021/texmf-dist/tex/latex/amsfonts/amssymb.sty
Package: amssymb 2013/01/14 v3.01 AMS font symbols
) (c:/texlive/2021/texmf-dist/tex/latex/amscls/amsthm.sty
Package: amsthm 2020/05/29 v2.20.6
\thm@style=\toks21
\thm@bodyfont=\toks22
\thm@headfont=\toks23
\thm@notefont=\toks24
\thm@headpunct=\toks25
\thm@preskip=\skip52
\thm@postskip=\skip53
\thm@headsep=\skip54
\dth@everypar=\toks26
) (c:/texlive/2021/texmf-dist/tex/latex/accents/accents.sty
Package: accents 2006/05/12 v1.4 Math Accent Tools
\cc@skew=\dimen148
\cc@wd=\dimen149
\cc@code=\count272
\cc@group=\count273
\cc@skewchar=\count274
) (c:/texlive/2021/texmf-dist/tex/latex/fancyhdr/fancyhdr.sty
Package: fancyhdr 2021/01/28 v4.0.1 Extensive control of page headers and footers
\f@nch@headwidth=\skip55
\f@nch@O@elh=\skip56
\f@nch@O@erh=\skip57
\f@nch@O@olh=\skip58
\f@nch@O@orh=\skip59
\f@nch@O@elf=\skip60
\f@nch@O@erf=\skip61
\f@nch@O@olf=\skip62
\f@nch@O@orf=\skip63
) (c:/texlive/2021/texmf-dist/tex/latex/graphics/graphicx.sty
Package: graphicx 2021/09/16 v1.2d Enhanced LaTeX Graphics (DPC,SPQR)
 (c:/texlive/2021/texmf-dist/tex/latex/graphics/keyval.sty
Package: keyval 2014/10/28 v1.15 key=value parser (DPC)
\KV@toks@=\toks27
) (c:/texlive/2021/texmf-dist/tex/latex/graphics/graphics.sty
Package: graphics 2021/03/04 v1.4d Standard LaTeX Graphics (DPC,SPQR)
 (c:/texlive/2021/texmf-dist/tex/latex/graphics/trig.sty
Package: trig 2021/08/11 v1.11 sin cos tan (DPC)
) (c:/texlive/2021/texmf-dist/tex/latex/graphics-cfg/graphics.cfg
File: graphics.cfg 2016/06/04 v1.11 sample graphics configuration
)
Package graphics Info: Driver file: pdftex.def on input line 107.
 (c:/texlive/2021/texmf-dist/tex/latex/graphics-def/pdftex.def
File: pdftex.def 2020/10/05 v1.2a Graphics/color driver for pdftex
))
\Gin@req@height=\dimen150
\Gin@req@width=\dimen151
) (c:/texlive/2021/texmf-dist/tex/latex/base/fontenc.sty
Package: fontenc 2021/04/29 v2.0v Standard LaTeX package
) (c:/texlive/2021/texmf-dist/tex/latex/srcltx/srcltx.sty
Package: srcltx 2006/11/12 v1.6 Source specials for inverse search in DVI files
 (c:/texlive/2021/texmf-dist/tex/latex/base/ifthen.sty
Package: ifthen 2020/11/24 v1.1c Standard LaTeX ifthen package (DPC)
)
\src@lastline=\count275
\src@new@everypar=\toks28
\src@new@output=\toks29
) (c:/texlive/2021/texmf-dist/tex/latex/braket/braket.sty) (c:/texlive/2021/texmf-dist/tex/latex/amsmath/amscd.sty
Package: amscd 2017/04/14 v2.1 AMS Commutative Diagrams
\athelp@=\toks30
\minaw@=\dimen152
\bigaw@=\dimen153
\minCDarrowwidth=\dimen154
) (c:/texlive/2021/texmf-dist/tex/latex/geometry/geometry.sty
Package: geometry 2020/01/02 v5.9 Page Geometry
 (c:/texlive/2021/texmf-dist/tex/generic/iftex/ifvtex.sty
Package: ifvtex 2019/10/25 v1.7 ifvtex legacy package. Use iftex instead.
 (c:/texlive/2021/texmf-dist/tex/generic/iftex/iftex.sty
Package: iftex 2022/02/03 v1.0f TeX engine tests
))
\Gm@cnth=\count276
\Gm@cntv=\count277
\c@Gm@tempcnt=\count278
\Gm@bindingoffset=\dimen155
\Gm@wd@mp=\dimen156
\Gm@odd@mp=\dimen157
\Gm@even@mp=\dimen158
\Gm@layoutwidth=\dimen159
\Gm@layoutheight=\dimen160
\Gm@layouthoffset=\dimen161
\Gm@layoutvoffset=\dimen162
\Gm@dimlist=\toks31
) (c:/texlive/2021/texmf-dist/tex/latex/subfigure/subfigure.sty
Package: subfigure 2002/03/15 v2.1.5 subfigure package
\subfigtopskip=\skip64
\subfigcapskip=\skip65
\subfigcaptopadj=\dimen163
\subfigbottomskip=\skip66
\subfigcapmargin=\dimen164
\subfiglabelskip=\skip67
\c@subfigure=\count279
\c@lofdepth=\count280
\c@subtable=\count281
\c@lotdepth=\count282

****************************************
* Local config file subfigure.cfg used *
****************************************
(c:/texlive/2021/texmf-dist/tex/latex/subfigure/subfigure.cfg)
\subfig@top=\skip68
\subfig@bottom=\skip69
) (c:/texlive/2021/texmf-dist/tex/latex/tools/verbatim.sty
Package: verbatim 2020-07-07 v1.5u LaTeX2e package for verbatim enhancements
\every@verbatim=\toks32
\verbatim@line=\toks33
\verbatim@in@stream=\read2
) (c:/texlive/2021/texmf-dist/tex/generic/babel/babel.sty
Package: babel 2022/02/24 3.72 The Babel package
\babel@savecnt=\count283
\U@D=\dimen165
\l@unhyphenated=\language87
 (c:/texlive/2021/texmf-dist/tex/generic/babel/txtbabel.def)
\bbl@readstream=\read3
\bbl@dirlevel=\count284
 (c:/texlive/2021/texmf-dist/tex/generic/babel-spanish/spanish.ldf
Language: spanish.ldf 2021/05/27 v5.0q Spanish support from the babel system
\es@quottoks=\toks34
\es@quotdepth=\count285
Package babel Info: Making " an active character on input line 570.
Package babel Info: Making . an active character on input line 675.
Package babel Info: Making < an active character on input line 722.
Package babel Info: Making > an active character on input line 722.
)) (c:/texlive/2021/texmf-dist/tex/latex/jknapltx/mathrsfs.sty
Package: mathrsfs 1996/01/01 Math RSFS package v1.0 (jk)
\symrsfs=\mathgroup6
) (c:/texlive/2021/texmf-dist/tex/latex/mathtools/mathtools.sty
Package: mathtools 2022/02/07 v1.28a mathematical typesetting tools
 (c:/texlive/2021/texmf-dist/tex/latex/tools/calc.sty
Package: calc 2017/05/25 v4.3 Infix arithmetic (KKT,FJ)
\calc@Acount=\count286
\calc@Bcount=\count287
\calc@Adimen=\dimen166
\calc@Bdimen=\dimen167
\calc@Askip=\skip70
\calc@Bskip=\skip71
LaTeX Info: Redefining \setlength on input line 80.
LaTeX Info: Redefining \addtolength on input line 81.
\calc@Ccount=\count288
\calc@Cskip=\skip72
) (c:/texlive/2021/texmf-dist/tex/latex/mathtools/mhsetup.sty
Package: mhsetup 2021/03/18 v1.4 programming setup (MH)
)
\g_MT_multlinerow_int=\count289
\l_MT_multwidth_dim=\dimen168
\origjot=\skip73
\l_MT_shortvdotswithinadjustabove_dim=\dimen169
\l_MT_shortvdotswithinadjustbelow_dim=\dimen170
\l_MT_above_intertext_sep=\dimen171
\l_MT_below_intertext_sep=\dimen172
\l_MT_above_shortintertext_sep=\dimen173
\l_MT_below_shortintertext_sep=\dimen174
\xmathstrut@box=\box52
\xmathstrut@dim=\dimen175
) (c:/texlive/2021/texmf-dist/tex/latex/fundus-calligra/calligra.sty
Package: calligra 2012/04/10 v1.9 LaTeX package calligra
) (c:/texlive/2021/texmf-dist/tex/latex/pdfpages/pdfpages.sty
Package: pdfpages 2022/01/29 v0.5u Insert pages of external PDF documents (AM)
 (c:/texlive/2021/texmf-dist/tex/latex/eso-pic/eso-pic.sty
Package: eso-pic 2020/10/14 v3.0a eso-pic (RN)
\ESO@tempdima=\dimen176
\ESO@tempdimb=\dimen177
 (c:/texlive/2021/texmf-dist/tex/latex/xcolor/xcolor.sty
Package: xcolor 2021/10/31 v2.13 LaTeX color extensions (UK)
 (c:/texlive/2021/texmf-dist/tex/latex/graphics-cfg/color.cfg
File: color.cfg 2016/01/02 v1.6 sample color configuration
)
Package xcolor Info: Driver file: pdftex.def on input line 227.
Package xcolor Info: Model `cmy' substituted by `cmy0' on input line 1352.
Package xcolor Info: Model `hsb' substituted by `rgb' on input line 1356.
Package xcolor Info: Model `RGB' extended on input line 1368.
Package xcolor Info: Model `HTML' substituted by `rgb' on input line 1370.
Package xcolor Info: Model `Hsb' substituted by `hsb' on input line 1371.
Package xcolor Info: Model `tHsb' substituted by `hsb' on input line 1372.
Package xcolor Info: Model `HSB' substituted by `hsb' on input line 1373.
Package xcolor Info: Model `Gray' substituted by `gray' on input line 1374.
Package xcolor Info: Model `wave' substituted by `hsb' on input line 1375.
))
\AM@pagewidth=\dimen178
\AM@pageheight=\dimen179
\AM@fboxrule=\dimen180
Package srcltx Info: Expanded filename `pppdftex.def' to `pppdftex.def.tex' on input line 79.

:<+ pppdftex.def.tex
(c:/texlive/2021/texmf-dist/tex/latex/pdfpages/pppdftex.def
File: pppdftex.def 2022/01/29 v0.5u Pdfpages driver for pdfTeX (AM)
)
:<-
\pdfpages@includegraphics@status=\count290
\AM@pagebox=\box53
\AM@global@opts=\toks35
\AM@pagecnt=\count291
\AM@toc@title=\toks36
\c@AM@survey=\count292
\AM@templatesizebox=\box54
) (c:/texlive/2021/texmf-dist/tex/latex/esint/esint.sty
Package: esint 
\symlargesymbolsA=\mathgroup7
) (c:/texlive/2021/texmf-dist/tex/latex/yfonts/yfonts.sty
Package: yfonts 2019/04/04 v1.4 (WaS&NP)
Now handling font encoding LY ...
... no UTF-8 mapping file for font encoding LY
Now handling font encoding LYG ...
... no UTF-8 mapping file for font encoding LYG
LaTeX Info: Composite with undeclared \" in encoding LYG on input line 58.
) (c:/texlive/2021/texmf-dist/tex/latex/hyperref/hyperref.sty
Package: hyperref 2022-02-21 v7.00n Hypertext links for LaTeX
 (c:/texlive/2021/texmf-dist/tex/generic/ltxcmds/ltxcmds.sty
Package: ltxcmds 2020-05-10 v1.25 LaTeX kernel commands for general use (HO)
) (c:/texlive/2021/texmf-dist/tex/generic/pdftexcmds/pdftexcmds.sty
Package: pdftexcmds 2020-06-27 v0.33 Utility functions of pdfTeX for LuaTeX (HO)
 (c:/texlive/2021/texmf-dist/tex/generic/infwarerr/infwarerr.sty
Package: infwarerr 2019/12/03 v1.5 Providing info/warning/error messages (HO)
)
Package pdftexcmds Info: \pdf@primitive is available.
Package pdftexcmds Info: \pdf@ifprimitive is available.
Package pdftexcmds Info: \pdfdraftmode found.
) (c:/texlive/2021/texmf-dist/tex/generic/kvsetkeys/kvsetkeys.sty
Package: kvsetkeys 2019/12/15 v1.18 Key value parser (HO)
) (c:/texlive/2021/texmf-dist/tex/generic/kvdefinekeys/kvdefinekeys.sty
Package: kvdefinekeys 2019-12-19 v1.6 Define keys (HO)
) (c:/texlive/2021/texmf-dist/tex/generic/pdfescape/pdfescape.sty
Package: pdfescape 2019/12/09 v1.15 Implements pdfTeX's escape features (HO)
) (c:/texlive/2021/texmf-dist/tex/latex/hycolor/hycolor.sty
Package: hycolor 2020-01-27 v1.10 Color options for hyperref/bookmark (HO)
) (c:/texlive/2021/texmf-dist/tex/latex/letltxmacro/letltxmacro.sty
Package: letltxmacro 2019/12/03 v1.6 Let assignment for LaTeX macros (HO)
) (c:/texlive/2021/texmf-dist/tex/latex/auxhook/auxhook.sty
Package: auxhook 2019-12-17 v1.6 Hooks for auxiliary files (HO)
) (c:/texlive/2021/texmf-dist/tex/latex/kvoptions/kvoptions.sty
Package: kvoptions 2020-10-07 v3.14 Key value format for package options (HO)
)
\@linkdim=\dimen181
\Hy@linkcounter=\count293
\Hy@pagecounter=\count294
Package srcltx Info: Expanded filename `pd1enc.def' to `pd1enc.def.tex' on input line 709.

:<+ pd1enc.def.tex
(c:/texlive/2021/texmf-dist/tex/latex/hyperref/pd1enc.def
File: pd1enc.def 2022-02-21 v7.00n Hyperref: PDFDocEncoding definition (HO)
Now handling font encoding PD1 ...
... no UTF-8 mapping file for font encoding PD1
)
:<-
(c:/texlive/2021/texmf-dist/tex/generic/intcalc/intcalc.sty
Package: intcalc 2019/12/15 v1.3 Expandable calculations with integers (HO)
) (c:/texlive/2021/texmf-dist/tex/generic/etexcmds/etexcmds.sty
Package: etexcmds 2019/12/15 v1.7 Avoid name clashes with e-TeX commands (HO)
)
\Hy@SavedSpaceFactor=\count295
Package srcltx Info: Expanded filename `puenc.def' to `puenc.def.tex' on input line 2461.

:<+ puenc.def.tex
(c:/texlive/2021/texmf-dist/tex/latex/hyperref/puenc.def
File: puenc.def 2022-02-21 v7.00n Hyperref: PDF Unicode definition (HO)
Now handling font encoding PU ...
... no UTF-8 mapping file for font encoding PU
)
:<-
Package hyperref Info: Option `linktocpage' set `true' on input line 4018.
Package hyperref Info: Option `colorlinks' set `true' on input line 4018.
Package hyperref Info: Hyper figures OFF on input line 4137.
Package hyperref Info: Link nesting OFF on input line 4142.
Package hyperref Info: Hyper index ON on input line 4145.
Package hyperref Info: Plain pages OFF on input line 4152.
Package hyperref Info: Backreferencing OFF on input line 4157.
Package hyperref Info: Implicit mode ON; LaTeX internals redefined.
Package hyperref Info: Bookmarks ON on input line 4390.
\c@Hy@tempcnt=\count296
(c:/texlive/2021/texmf-dist/tex/latex/url/url.sty
\Urlmuskip=\muskip17
Package: url 2013/09/16  ver 3.4  Verb mode for urls, etc.
)
LaTeX Info: Redefining \url on input line 4749.
\XeTeXLinkMargin=\dimen182
 (c:/texlive/2021/texmf-dist/tex/generic/bitset/bitset.sty
Package: bitset 2019/12/09 v1.3 Handle bit-vector datatype (HO)
 (c:/texlive/2021/texmf-dist/tex/generic/bigintcalc/bigintcalc.sty
Package: bigintcalc 2019/12/15 v1.5 Expandable calculations on big integers (HO)
))
\Fld@menulength=\count297
\Field@Width=\dimen183
\Fld@charsize=\dimen184
Package hyperref Info: Hyper figures OFF on input line 6027.
Package hyperref Info: Link nesting OFF on input line 6032.
Package hyperref Info: Hyper index ON on input line 6035.
Package hyperref Info: backreferencing OFF on input line 6042.
Package hyperref Info: Link coloring ON on input line 6045.
Package hyperref Info: Link coloring with OCG OFF on input line 6052.
Package hyperref Info: PDF/A mode OFF on input line 6057.
LaTeX Info: Redefining \ref on input line 6097.
LaTeX Info: Redefining \pageref on input line 6101.
 (c:/texlive/2021/texmf-dist/tex/latex/base/atbegshi-ltx.sty
Package: atbegshi-ltx 2021/01/10 v1.0c Emulation of the original atbegshi
package with kernel methods
)
\Hy@abspage=\count298
\c@Item=\count299
\c@Hfootnote=\count300
)
Package hyperref Info: Driver (autodetected): hpdftex.
Package srcltx Info: Expanded filename `hpdftex.def' to `hpdftex.def.tex' on input line 37.

:<+ hpdftex.def.tex
(c:/texlive/2021/texmf-dist/tex/latex/hyperref/hpdftex.def
File: hpdftex.def 2022-02-21 v7.00n Hyperref driver for pdfTeX
 (c:/texlive/2021/texmf-dist/tex/latex/base/atveryend-ltx.sty
Package: atveryend-ltx 2020/08/19 v1.0a Emulation of the original atveryend package
with kernel methods
)
\Fld@listcount=\count301
\c@bookmark@seq@number=\count302
 (c:/texlive/2021/texmf-dist/tex/latex/rerunfilecheck/rerunfilecheck.sty
Package: rerunfilecheck 2019/12/05 v1.9 Rerun checks for auxiliary files (HO)
 (c:/texlive/2021/texmf-dist/tex/generic/uniquecounter/uniquecounter.sty
Package: uniquecounter 2019/12/15 v1.4 Provide unlimited unique counter (HO)
)
Package uniquecounter Info: New unique counter `rerunfilecheck' on input line 286.
)
\Hy@SectionHShift=\skip74
)
:<-
\c@prop=\count303
\c@defin=\count304
\c@teo=\count305
\c@cor=\count306
\c@obs=\count307
\c@lem=\count308
\c@defn=\count309
\c@no=\count310
\c@theorem=\count311
(c:/texlive/2021/texmf-dist/tex/latex/physics/physics.sty
Package: physics 
 (c:/texlive/2021/texmf-dist/tex/latex/l3packages/xparse/xparse.sty (c:/texlive/2021/texmf-dist/tex/latex/l3kernel/expl3.sty
Package: expl3 2022-02-24 L3 programming layer (loader) 
 (c:/texlive/2021/texmf-dist/tex/latex/l3backend/l3backend-pdftex.def
File: l3backend-pdftex.def 2022-02-07 L3 backend support: PDF output (pdfTeX)
\l__color_backend_stack_int=\count312
\l__pdf_internal_box=\box55
))
Package: xparse 2022-01-12 L3 Experimental document command parser
)) (c:/texlive/2021/texmf-dist/tex/latex/pgf/frontendlayer/tikz.sty (c:/texlive/2021/texmf-dist/tex/latex/pgf/basiclayer/pgf.sty (c:/texlive/2021/texmf-dist/tex/latex/pgf/utilities/pgfrcs.sty (c:/texlive/2021/texmf-dist/tex/generic/pgf/utilities/pgfutil-common.tex
\pgfutil@everybye=\toks37
\pgfutil@tempdima=\dimen185
\pgfutil@tempdimb=\dimen186
 (c:/texlive/2021/texmf-dist/tex/generic/pgf/utilities/pgfutil-common-lists.tex)) (c:/texlive/2021/texmf-dist/tex/generic/pgf/utilities/pgfutil-latex.def
\pgfutil@abb=\box56
)
Package srcltx Info: Expanded filename `pgfrcs.code.tex' to `pgfrcs.code.tex' on input line 13.

:<+ pgfrcs.code.tex
(c:/texlive/2021/texmf-dist/tex/generic/pgf/utilities/pgfrcs.code.tex (c:/texlive/2021/texmf-dist/tex/generic/pgf/pgf.revision.tex)
Package: pgfrcs 2021/05/15 v3.1.9a (3.1.9a)
)
:<-
)
Package: pgf 2021/05/15 v3.1.9a (3.1.9a)
 (c:/texlive/2021/texmf-dist/tex/latex/pgf/basiclayer/pgfcore.sty (c:/texlive/2021/texmf-dist/tex/latex/pgf/systemlayer/pgfsys.sty
Package srcltx Info: Expanded filename `pgfsys.code.tex' to `pgfsys.code.tex' on input line 16.

:<+ pgfsys.code.tex
(c:/texlive/2021/texmf-dist/tex/generic/pgf/systemlayer/pgfsys.code.tex
Package: pgfsys 2021/05/15 v3.1.9a (3.1.9a)
 (c:/texlive/2021/texmf-dist/tex/generic/pgf/utilities/pgfkeys.code.tex
\pgfkeys@pathtoks=\toks38
\pgfkeys@temptoks=\toks39
 (c:/texlive/2021/texmf-dist/tex/generic/pgf/utilities/pgfkeysfiltered.code.tex
\pgfkeys@tmptoks=\toks40
))
\pgf@x=\dimen187
\pgf@y=\dimen188
\pgf@xa=\dimen189
\pgf@ya=\dimen190
\pgf@xb=\dimen191
\pgf@yb=\dimen192
\pgf@xc=\dimen193
\pgf@yc=\dimen194
\pgf@xd=\dimen195
\pgf@yd=\dimen196
\w@pgf@writea=\write3
\r@pgf@reada=\read4
\c@pgf@counta=\count313
\c@pgf@countb=\count314
\c@pgf@countc=\count315
\c@pgf@countd=\count316
\t@pgf@toka=\toks41
\t@pgf@tokb=\toks42
\t@pgf@tokc=\toks43
\pgf@sys@id@count=\count317
 (c:/texlive/2021/texmf-dist/tex/generic/pgf/systemlayer/pgf.cfg
File: pgf.cfg 2021/05/15 v3.1.9a (3.1.9a)
)
Driver file for pgf: pgfsys-pdftex.def
 (c:/texlive/2021/texmf-dist/tex/generic/pgf/systemlayer/pgfsys-pdftex.def
File: pgfsys-pdftex.def 2021/05/15 v3.1.9a (3.1.9a)
 (c:/texlive/2021/texmf-dist/tex/generic/pgf/systemlayer/pgfsys-common-pdf.def
File: pgfsys-common-pdf.def 2021/05/15 v3.1.9a (3.1.9a)
)))
:<-
Package srcltx Info: Expanded filename `pgfsyssoftpath.code.tex' to `pgfsyssoftpath.code.tex' on input line 17.
:<+ pgfsyssoftpath.code.tex
(c:/texlive/2021/texmf-dist/tex/generic/pgf/systemlayer/pgfsyssoftpath.code.tex
File: pgfsyssoftpath.code.tex 2021/05/15 v3.1.9a (3.1.9a)
\pgfsyssoftpath@smallbuffer@items=\count318
\pgfsyssoftpath@bigbuffer@items=\count319
)
:<-
Package srcltx Info: Expanded filename `pgfsysprotocol.code.tex' to `pgfsysprotocol.code.tex' on input line 18.
:<+ pgfsysprotocol.code.tex
(c:/texlive/2021/texmf-dist/tex/generic/pgf/systemlayer/pgfsysprotocol.code.tex
File: pgfsysprotocol.code.tex 2021/05/15 v3.1.9a (3.1.9a)
)
:<-
)
Package srcltx Info: Expanded filename `pgfcore.code.tex' to `pgfcore.code.tex' on input line 17.

:<+ pgfcore.code.tex
(c:/texlive/2021/texmf-dist/tex/generic/pgf/basiclayer/pgfcore.code.tex
Package: pgfcore 2021/05/15 v3.1.9a (3.1.9a)
 (c:/texlive/2021/texmf-dist/tex/generic/pgf/math/pgfmath.code.tex (c:/texlive/2021/texmf-dist/tex/generic/pgf/math/pgfmathcalc.code.tex (c:/texlive/2021/texmf-dist/tex/generic/pgf/math/pgfmathutil.code.tex) (c:/texlive/2021/texmf-dist/tex/generic/pgf/math/pgfmathparser.code.tex
\pgfmath@dimen=\dimen197
\pgfmath@count=\count320
\pgfmath@box=\box57
\pgfmath@toks=\toks44
\pgfmath@stack@operand=\toks45
\pgfmath@stack@operation=\toks46
) (c:/texlive/2021/texmf-dist/tex/generic/pgf/math/pgfmathfunctions.code.tex (c:/texlive/2021/texmf-dist/tex/generic/pgf/math/pgfmathfunctions.basic.code.tex) (c:/texlive/2021/texmf-dist/tex/generic/pgf/math/pgfmathfunctions.trigonometric.code.tex) (c:/texlive/2021/texmf-dist/tex/generic/pgf/math/pgfmathfunctions.random.code.tex) (c:/texlive/2021/texmf-dist/tex/generic/pgf/math/pgfmathfunctions.comparison.code.tex) (c:/texlive/2021/texmf-dist/tex/generic/pgf/math/pgfmathfunctions.base.code.tex) (c:/texlive/2021/texmf-dist/tex/generic/pgf/math/pgfmathfunctions.round.code.tex) (c:/texlive/2021/texmf-dist/tex/generic/pgf/math/pgfmathfunctions.misc.code.tex) (c:/texlive/2021/texmf-dist/tex/generic/pgf/math/pgfmathfunctions.integerarithmetics.code.tex))) (c:/texlive/2021/texmf-dist/tex/generic/pgf/math/pgfmathfloat.code.tex
\c@pgfmathroundto@lastzeros=\count321
)) (c:/texlive/2021/texmf-dist/tex/generic/pgf/math/pgfint.code.tex) (c:/texlive/2021/texmf-dist/tex/generic/pgf/basiclayer/pgfcorepoints.code.tex
File: pgfcorepoints.code.tex 2021/05/15 v3.1.9a (3.1.9a)
\pgf@picminx=\dimen198
\pgf@picmaxx=\dimen199
\pgf@picminy=\dimen256
\pgf@picmaxy=\dimen257
\pgf@pathminx=\dimen258
\pgf@pathmaxx=\dimen259
\pgf@pathminy=\dimen260
\pgf@pathmaxy=\dimen261
\pgf@xx=\dimen262
\pgf@xy=\dimen263
\pgf@yx=\dimen264
\pgf@yy=\dimen265
\pgf@zx=\dimen266
\pgf@zy=\dimen267
) (c:/texlive/2021/texmf-dist/tex/generic/pgf/basiclayer/pgfcorepathconstruct.code.tex
File: pgfcorepathconstruct.code.tex 2021/05/15 v3.1.9a (3.1.9a)
\pgf@path@lastx=\dimen268
\pgf@path@lasty=\dimen269
) (c:/texlive/2021/texmf-dist/tex/generic/pgf/basiclayer/pgfcorepathusage.code.tex
File: pgfcorepathusage.code.tex 2021/05/15 v3.1.9a (3.1.9a)
\pgf@shorten@end@additional=\dimen270
\pgf@shorten@start@additional=\dimen271
) (c:/texlive/2021/texmf-dist/tex/generic/pgf/basiclayer/pgfcorescopes.code.tex
File: pgfcorescopes.code.tex 2021/05/15 v3.1.9a (3.1.9a)
\pgfpic=\box58
\pgf@hbox=\box59
\pgf@layerbox@main=\box60
\pgf@picture@serial@count=\count322
) (c:/texlive/2021/texmf-dist/tex/generic/pgf/basiclayer/pgfcoregraphicstate.code.tex
File: pgfcoregraphicstate.code.tex 2021/05/15 v3.1.9a (3.1.9a)
\pgflinewidth=\dimen272
) (c:/texlive/2021/texmf-dist/tex/generic/pgf/basiclayer/pgfcoretransformations.code.tex
File: pgfcoretransformations.code.tex 2021/05/15 v3.1.9a (3.1.9a)
\pgf@pt@x=\dimen273
\pgf@pt@y=\dimen274
\pgf@pt@temp=\dimen275
) (c:/texlive/2021/texmf-dist/tex/generic/pgf/basiclayer/pgfcorequick.code.tex
File: pgfcorequick.code.tex 2021/05/15 v3.1.9a (3.1.9a)
) (c:/texlive/2021/texmf-dist/tex/generic/pgf/basiclayer/pgfcoreobjects.code.tex
File: pgfcoreobjects.code.tex 2021/05/15 v3.1.9a (3.1.9a)
) (c:/texlive/2021/texmf-dist/tex/generic/pgf/basiclayer/pgfcorepathprocessing.code.tex
File: pgfcorepathprocessing.code.tex 2021/05/15 v3.1.9a (3.1.9a)
) (c:/texlive/2021/texmf-dist/tex/generic/pgf/basiclayer/pgfcorearrows.code.tex
File: pgfcorearrows.code.tex 2021/05/15 v3.1.9a (3.1.9a)
\pgfarrowsep=\dimen276
) (c:/texlive/2021/texmf-dist/tex/generic/pgf/basiclayer/pgfcoreshade.code.tex
File: pgfcoreshade.code.tex 2021/05/15 v3.1.9a (3.1.9a)
\pgf@max=\dimen277
\pgf@sys@shading@range@num=\count323
\pgf@shadingcount=\count324
) (c:/texlive/2021/texmf-dist/tex/generic/pgf/basiclayer/pgfcoreimage.code.tex
File: pgfcoreimage.code.tex 2021/05/15 v3.1.9a (3.1.9a)
 (c:/texlive/2021/texmf-dist/tex/generic/pgf/basiclayer/pgfcoreexternal.code.tex
File: pgfcoreexternal.code.tex 2021/05/15 v3.1.9a (3.1.9a)
\pgfexternal@startupbox=\box61
)) (c:/texlive/2021/texmf-dist/tex/generic/pgf/basiclayer/pgfcorelayers.code.tex
File: pgfcorelayers.code.tex 2021/05/15 v3.1.9a (3.1.9a)
) (c:/texlive/2021/texmf-dist/tex/generic/pgf/basiclayer/pgfcoretransparency.code.tex
File: pgfcoretransparency.code.tex 2021/05/15 v3.1.9a (3.1.9a)
) (c:/texlive/2021/texmf-dist/tex/generic/pgf/basiclayer/pgfcorepatterns.code.tex
File: pgfcorepatterns.code.tex 2021/05/15 v3.1.9a (3.1.9a)
) (c:/texlive/2021/texmf-dist/tex/generic/pgf/basiclayer/pgfcorerdf.code.tex
File: pgfcorerdf.code.tex 2021/05/15 v3.1.9a (3.1.9a)
))
:<-
) (c:/texlive/2021/texmf-dist/tex/generic/pgf/modules/pgfmoduleshapes.code.tex
File: pgfmoduleshapes.code.tex 2021/05/15 v3.1.9a (3.1.9a)
\pgfnodeparttextbox=\box62
) (c:/texlive/2021/texmf-dist/tex/generic/pgf/modules/pgfmoduleplot.code.tex
File: pgfmoduleplot.code.tex 2021/05/15 v3.1.9a (3.1.9a)
) (c:/texlive/2021/texmf-dist/tex/latex/pgf/compatibility/pgfcomp-version-0-65.sty
Package: pgfcomp-version-0-65 2021/05/15 v3.1.9a (3.1.9a)
\pgf@nodesepstart=\dimen278
\pgf@nodesepend=\dimen279
) (c:/texlive/2021/texmf-dist/tex/latex/pgf/compatibility/pgfcomp-version-1-18.sty
Package: pgfcomp-version-1-18 2021/05/15 v3.1.9a (3.1.9a)
)) (c:/texlive/2021/texmf-dist/tex/latex/pgf/utilities/pgffor.sty (c:/texlive/2021/texmf-dist/tex/latex/pgf/utilities/pgfkeys.sty
Package srcltx Info: Expanded filename `pgfkeys.code.tex' to `pgfkeys.code.tex' on input line 10.

:<+ pgfkeys.code.tex
(c:/texlive/2021/texmf-dist/tex/generic/pgf/utilities/pgfkeys.code.tex)
:<-
) (c:/texlive/2021/texmf-dist/tex/latex/pgf/math/pgfmath.sty
Package srcltx Info: Expanded filename `pgfmath.code.tex' to `pgfmath.code.tex' on input line 11.

:<+ pgfmath.code.tex
(c:/texlive/2021/texmf-dist/tex/generic/pgf/math/pgfmath.code.tex)
:<-
)
Package srcltx Info: Expanded filename `pgffor.code.tex' to `pgffor.code.tex' on input line 14.

:<+ pgffor.code.tex
(c:/texlive/2021/texmf-dist/tex/generic/pgf/utilities/pgffor.code.tex
Package: pgffor 2021/05/15 v3.1.9a (3.1.9a)
 (c:/texlive/2021/texmf-dist/tex/generic/pgf/math/pgfmath.code.tex)
\pgffor@iter=\dimen280
\pgffor@skip=\dimen281
\pgffor@stack=\toks47
\pgffor@toks=\toks48
)
:<-
)
Package srcltx Info: Expanded filename `tikz.code.tex' to `tikz.code.tex' on input line 13.

:<+ tikz.code.tex
(c:/texlive/2021/texmf-dist/tex/generic/pgf/frontendlayer/tikz/tikz.code.tex
Package: tikz 2021/05/15 v3.1.9a (3.1.9a)
 (c:/texlive/2021/texmf-dist/tex/generic/pgf/libraries/pgflibraryplothandlers.code.tex
File: pgflibraryplothandlers.code.tex 2021/05/15 v3.1.9a (3.1.9a)
\pgf@plot@mark@count=\count325
\pgfplotmarksize=\dimen282
)
\tikz@lastx=\dimen283
\tikz@lasty=\dimen284
\tikz@lastxsaved=\dimen285
\tikz@lastysaved=\dimen286
\tikz@lastmovetox=\dimen287
\tikz@lastmovetoy=\dimen288
\tikzleveldistance=\dimen289
\tikzsiblingdistance=\dimen290
\tikz@figbox=\box63
\tikz@figbox@bg=\box64
\tikz@tempbox=\box65
\tikz@tempbox@bg=\box66
\tikztreelevel=\count326
\tikznumberofchildren=\count327
\tikznumberofcurrentchild=\count328
\tikz@fig@count=\count329
 (c:/texlive/2021/texmf-dist/tex/generic/pgf/modules/pgfmodulematrix.code.tex
File: pgfmodulematrix.code.tex 2021/05/15 v3.1.9a (3.1.9a)
\pgfmatrixcurrentrow=\count330
\pgfmatrixcurrentcolumn=\count331
\pgf@matrix@numberofcolumns=\count332
)
\tikz@expandcount=\count333
 (c:/texlive/2021/texmf-dist/tex/generic/pgf/frontendlayer/tikz/libraries/tikzlibrarytopaths.code.tex
File: tikzlibrarytopaths.code.tex 2021/05/15 v3.1.9a (3.1.9a)
))
:<-
) (c:/texlive/2021/texmf-dist/tex/generic/mathdots/mathdots.sty
Package: mathdots 2014/06/11 v0.9 Improve and add various macros for dots in math.
\MDo@unit=\dimen291
\MDo@dotsbox=\box67
\MDoprekern=\muskip18
\MDopostkern=\muskip19
\MDodotkern=\muskip20
) (c:/texlive/2021/texmf-dist/tex/latex/yhmath/yhmath.sty
Package: yhmath 2020/03/17 v1.6
\symyhlargesymbols=\mathgroup8
LaTeX Font Info:    Redeclaring math accent \widetilde on input line 29.
LaTeX Font Info:    Redeclaring math accent \widehat on input line 30.
LaTeX Font Info:    Redeclaring math symbol \braceld on input line 48.
LaTeX Font Info:    Redeclaring math symbol \bracerd on input line 49.
LaTeX Font Info:    Redeclaring math symbol \bracelu on input line 50.
LaTeX Font Info:    Redeclaring math symbol \braceru on input line 51.
LaTeX Font Info:    Redeclaring math delimiter \lmoustache on input line 53.
LaTeX Font Info:    Redeclaring math delimiter \rmoustache on input line 55.
LaTeX Font Info:    Redeclaring math delimiter \arrowvert on input line 57.
LaTeX Font Info:    Redeclaring math delimiter \Arrowvert on input line 59.
LaTeX Font Info:    Redeclaring math delimiter \Vert on input line 61.
LaTeX Font Info:    Redeclaring math delimiter \vert on input line 63.
LaTeX Font Info:    Redeclaring math delimiter \uparrow on input line 65.
LaTeX Font Info:    Redeclaring math delimiter \downarrow on input line 67.
LaTeX Font Info:    Redeclaring math delimiter \updownarrow on input line 69.
LaTeX Font Info:    Redeclaring math delimiter \Uparrow on input line 71.
LaTeX Font Info:    Redeclaring math delimiter \Downarrow on input line 73.
LaTeX Font Info:    Redeclaring math delimiter \Updownarrow on input line 75.
LaTeX Font Info:    Redeclaring math delimiter \backslash on input line 79.
LaTeX Font Info:    Redeclaring math delimiter \rangle on input line 81.
LaTeX Font Info:    Redeclaring math delimiter \langle on input line 83.
LaTeX Font Info:    Redeclaring math delimiter \rbrace on input line 85.
LaTeX Font Info:    Redeclaring math delimiter \lbrace on input line 87.
LaTeX Font Info:    Redeclaring math delimiter \rceil on input line 89.
LaTeX Font Info:    Redeclaring math delimiter \lceil on input line 91.
LaTeX Font Info:    Redeclaring math delimiter \rfloor on input line 93.
LaTeX Font Info:    Redeclaring math delimiter \lfloor on input line 95.
LaTeX Font Info:    Redeclaring math delimiter \lgroup on input line 97.
LaTeX Font Info:    Redeclaring math delimiter \rgroup on input line 99.
LaTeX Font Info:    Redeclaring math delimiter \bracevert on input line 101.
) (c:/texlive/2021/texmf-dist/tex/latex/cancel/cancel.sty
Package: cancel 2013/04/12 v2.2 Cancel math terms
) (c:/texlive/2021/texmf-dist/tex/latex/siunitx/siunitx.sty
Package: siunitx 2022-02-15 v3.0.49 A comprehensive (SI) units package
\l__siunitx_angle_tmp_dim=\dimen292
\l__siunitx_angle_marker_box=\box68
\l__siunitx_angle_unit_box=\box69
\l__siunitx_compound_count_int=\count334
 (c:/texlive/2021/texmf-dist/tex/latex/translations/translations.sty
Package: translations 2022/02/05 v1.12 internationalization of LaTeX2e packages (CN)
 (c:/texlive/2021/texmf-dist/tex/latex/etoolbox/etoolbox.sty
Package: etoolbox 2020/10/05 v2.5k e-TeX tools for LaTeX (JAW)
\etb@tempcnta=\count335
))
\l__siunitx_number_exponent_fixed_int=\count336
\l__siunitx_number_min_decimal_int=\count337
\l__siunitx_number_min_integer_int=\count338
\l__siunitx_number_round_precision_int=\count339
\l__siunitx_number_group_minimum_int=\count340
\l__siunitx_table_tmp_box=\box70
\l__siunitx_table_tmp_dim=\dimen293
\l__siunitx_table_column_width_dim=\dimen294
\l__siunitx_table_integer_box=\box71
\l__siunitx_table_decimal_box=\box72
\l__siunitx_table_before_box=\box73
\l__siunitx_table_after_box=\box74
\l__siunitx_table_before_dim=\dimen295
\l__siunitx_table_carry_dim=\dimen296
\l__siunitx_unit_tmp_int=\count341
\l__siunitx_unit_position_int=\count342
\l__siunitx_unit_total_int=\count343
 (c:/texlive/2021/texmf-dist/tex/latex/l3packages/l3keys2e/l3keys2e.sty
Package: l3keys2e 2022-01-12 LaTeX2e option processing using LaTeX3 keys
)

Package siunitx Warning: Detected the "physics" package:
(siunitx)                Omitting definition of \qty.

(c:/texlive/2021/texmf-dist/tex/latex/tools/array.sty
Package: array 2021/10/04 v2.5f Tabular extension package (FMi)
\col@sep=\dimen297
\ar@mcellbox=\box75
\extrarowheight=\dimen298
\NC@list=\toks49
\extratabsurround=\skip75
\backup@length=\skip76
\ar@cellbox=\box76
)) (c:/texlive/2021/texmf-dist/tex/latex/multirow/multirow.sty
Package: multirow 2021/03/15 v2.8 Span multiple rows of a table
\multirow@colwidth=\skip77
\multirow@cntb=\count344
\multirow@dima=\skip78
\bigstrutjot=\dimen299
) (c:/texlive/2021/texmf-dist/tex/latex/was/gensymb.sty
Package: gensymb 2003/07/02 v1.0 (WaS)
) (c:/texlive/2021/texmf-dist/tex/latex/tools/tabularx.sty
Package: tabularx 2020/01/15 v2.11c `tabularx' package (DPC)
\TX@col@width=\dimen300
\TX@old@table=\dimen301
\TX@old@col=\dimen302
\TX@target=\dimen303
\TX@delta=\dimen304
\TX@cols=\count345
\TX@ftn=\toks50
) (c:/texlive/2021/texmf-dist/tex/latex/extarrows/extarrows.sty
Package: extarrows 2020/03/12 v1.2.0 Some extensible arrows
) (c:/texlive/2021/texmf-dist/tex/latex/booktabs/booktabs.sty
Package: booktabs 2020/01/12 v1.61803398 Publication quality tables
\heavyrulewidth=\dimen305
\lightrulewidth=\dimen306
\cmidrulewidth=\dimen307
\belowrulesep=\dimen308
\belowbottomsep=\dimen309
\aboverulesep=\dimen310
\abovetopsep=\dimen311
\cmidrulesep=\dimen312
\cmidrulekern=\dimen313
\defaultaddspace=\dimen314
\@cmidla=\count346
\@cmidlb=\count347
\@aboverulesep=\dimen315
\@belowrulesep=\dimen316
\@thisruleclass=\count348
\@lastruleclass=\count349
\@thisrulewidth=\dimen317
) (c:/texlive/2021/texmf-dist/tex/generic/pgf/frontendlayer/tikz/libraries/tikzlibraryfadings.code.tex
File: tikzlibraryfadings.code.tex 2021/05/15 v3.1.9a (3.1.9a)
 (c:/texlive/2021/texmf-dist/tex/generic/pgf/libraries/pgflibraryfadings.code.tex
File: pgflibraryfadings.code.tex 2021/05/15 v3.1.9a (3.1.9a)
)) (c:/texlive/2021/texmf-dist/tex/generic/pgf/frontendlayer/tikz/libraries/tikzlibrarypatterns.code.tex
File: tikzlibrarypatterns.code.tex 2021/05/15 v3.1.9a (3.1.9a)
 (c:/texlive/2021/texmf-dist/tex/generic/pgf/libraries/pgflibrarypatterns.code.tex
File: pgflibrarypatterns.code.tex 2021/05/15 v3.1.9a (3.1.9a)
)) (c:/texlive/2021/texmf-dist/tex/latex/pgf-blur/tikzlibraryshadows.blur.code.tex  v1.02, 2012/12/09 (c:/texlive/2021/texmf-dist/tex/generic/pgf/frontendlayer/tikz/libraries/tikzlibraryshadows.code.tex
File: tikzlibraryshadows.code.tex 2021/05/15 v3.1.9a (3.1.9a)
) (c:/texlive/2021/texmf-dist/tex/generic/pgf/frontendlayer/tikz/libraries/tikzlibrarycalc.code.tex
File: tikzlibrarycalc.code.tex 2021/05/15 v3.1.9a (3.1.9a)
)
\pgfbs@fading@count=\count350
) (c:/texlive/2021/texmf-dist/tex/generic/pgf/frontendlayer/tikz/libraries/tikzlibraryshapes.code.tex
File: tikzlibraryshapes.code.tex 2021/05/15 v3.1.9a (3.1.9a)
 (c:/texlive/2021/texmf-dist/tex/generic/pgf/frontendlayer/tikz/libraries/tikzlibraryshapes.geometric.code.tex
File: tikzlibraryshapes.geometric.code.tex 2021/05/15 v3.1.9a (3.1.9a)
 (c:/texlive/2021/texmf-dist/tex/generic/pgf/libraries/shapes/pgflibraryshapes.geometric.code.tex
File: pgflibraryshapes.geometric.code.tex 2021/05/15 v3.1.9a (3.1.9a)
)) (c:/texlive/2021/texmf-dist/tex/generic/pgf/frontendlayer/tikz/libraries/tikzlibraryshapes.misc.code.tex
File: tikzlibraryshapes.misc.code.tex 2021/05/15 v3.1.9a (3.1.9a)
 (c:/texlive/2021/texmf-dist/tex/generic/pgf/libraries/shapes/pgflibraryshapes.misc.code.tex
File: pgflibraryshapes.misc.code.tex 2021/05/15 v3.1.9a (3.1.9a)
)) (c:/texlive/2021/texmf-dist/tex/generic/pgf/frontendlayer/tikz/libraries/tikzlibraryshapes.symbols.code.tex
File: tikzlibraryshapes.symbols.code.tex 2021/05/15 v3.1.9a (3.1.9a)
 (c:/texlive/2021/texmf-dist/tex/generic/pgf/libraries/shapes/pgflibraryshapes.symbols.code.tex
File: pgflibraryshapes.symbols.code.tex 2021/05/15 v3.1.9a (3.1.9a)
)) (c:/texlive/2021/texmf-dist/tex/generic/pgf/frontendlayer/tikz/libraries/tikzlibraryshapes.arrows.code.tex
File: tikzlibraryshapes.arrows.code.tex 2021/05/15 v3.1.9a (3.1.9a)
 (c:/texlive/2021/texmf-dist/tex/generic/pgf/libraries/shapes/pgflibraryshapes.arrows.code.tex
File: pgflibraryshapes.arrows.code.tex 2021/05/15 v3.1.9a (3.1.9a)
)) (c:/texlive/2021/texmf-dist/tex/generic/pgf/frontendlayer/tikz/libraries/tikzlibraryshapes.callouts.code.tex (c:/texlive/2021/texmf-dist/tex/generic/pgf/libraries/shapes/pgflibraryshapes.callouts.code.tex)) (c:/texlive/2021/texmf-dist/tex/generic/pgf/frontendlayer/tikz/libraries/tikzlibraryshapes.multipart.code.tex
File: tikzlibraryshapes.multipart.code.tex 2021/05/15 v3.1.9a (3.1.9a)
 (c:/texlive/2021/texmf-dist/tex/generic/pgf/libraries/shapes/pgflibraryshapes.multipart.code.tex
File: pgflibraryshapes.multipart.code.tex 2021/05/15 v3.1.9a (3.1.9a)
\pgfnodepartlowerbox=\box77
\pgfnodeparttwobox=\box78
\pgfnodepartthreebox=\box79
\pgfnodepartfourbox=\box80
\pgfnodeparttwentybox=\box81
\pgfnodepartnineteenbox=\box82
\pgfnodeparteighteenbox=\box83
\pgfnodepartseventeenbox=\box84
\pgfnodepartsixteenbox=\box85
\pgfnodepartfifteenbox=\box86
\pgfnodepartfourteenbox=\box87
\pgfnodepartthirteenbox=\box88
\pgfnodeparttwelvebox=\box89
\pgfnodepartelevenbox=\box90
\pgfnodeparttenbox=\box91
\pgfnodepartninebox=\box92
\pgfnodeparteightbox=\box93
\pgfnodepartsevenbox=\box94
\pgfnodepartsixbox=\box95
\pgfnodepartfivebox=\box96
)))

LaTeX Warning: Unused global option(s):
    [twside].

No file main.aux.
\openout1 = `main.aux'.

LaTeX Font Info:    Checking defaults for OML/cmm/m/it on input line 176.
LaTeX Font Info:    ... okay on input line 176.
LaTeX Font Info:    Checking defaults for OMS/cmsy/m/n on input line 176.
LaTeX Font Info:    ... okay on input line 176.
LaTeX Font Info:    Checking defaults for OT1/cmr/m/n on input line 176.
LaTeX Font Info:    ... okay on input line 176.
LaTeX Font Info:    Checking defaults for T1/cmr/m/n on input line 176.
LaTeX Font Info:    ... okay on input line 176.
LaTeX Font Info:    Checking defaults for TS1/cmr/m/n on input line 176.
LaTeX Font Info:    ... okay on input line 176.
LaTeX Font Info:    Checking defaults for OMX/cmex/m/n on input line 176.
LaTeX Font Info:    ... okay on input line 176.
LaTeX Font Info:    Checking defaults for U/cmr/m/n on input line 176.
LaTeX Font Info:    ... okay on input line 176.
LaTeX Font Info:    Checking defaults for LY/yfrak/m/n on input line 176.
LaTeX Font Info:    ... okay on input line 176.
LaTeX Font Info:    Checking defaults for LYG/ygoth/m/n on input line 176.
LaTeX Font Info:    ... okay on input line 176.
LaTeX Font Info:    Checking defaults for PD1/pdf/m/n on input line 176.
LaTeX Font Info:    ... okay on input line 176.
LaTeX Font Info:    Checking defaults for PU/pdf/m/n on input line 176.
LaTeX Font Info:    ... okay on input line 176.
(c:/texlive/2021/texmf-dist/tex/context/base/mkii/supp-pdf.mkii
[Loading MPS to PDF converter (version 2006.09.02).]
\scratchcounter=\count351
\scratchdimen=\dimen318
\scratchbox=\box97
\nofMPsegments=\count352
\nofMParguments=\count353
\everyMPshowfont=\toks51
\MPscratchCnt=\count354
\MPscratchDim=\dimen319
\MPnumerator=\count355
\makeMPintoPDFobject=\count356
\everyMPtoPDFconversion=\toks52
) (c:/texlive/2021/texmf-dist/tex/latex/epstopdf-pkg/epstopdf-base.sty
Package: epstopdf-base 2020-01-24 v2.11 Base part for package epstopdf
Package epstopdf-base Info: Redefining graphics rule for `.eps' on input line 485.
 (c:/texlive/2021/texmf-dist/tex/latex/latexconfig/epstopdf-sys.cfg
File: epstopdf-sys.cfg 2010/07/13 v1.3 Configuration of (r)epstopdf for TeX Live
))
*geometry* driver: auto-detecting
*geometry* detected driver: pdftex
*geometry* verbose mode - [ preamble ] result:
* driver: pdftex
* paper: <default>
* layout: <same size as paper>
* layoutoffset:(h,v)=(0.0pt,0.0pt)
* modes: 
* h-part:(L,W,R)=(85.35826pt, 443.57848pt, 85.35826pt)
* v-part:(T,H,B)=(99.58464pt, 595.8007pt, 99.58464pt)
* \paperwidth=614.295pt
* \paperheight=794.96999pt
* \textwidth=448.07378pt
* \textheight=549.25243pt
* \oddsidemargin=13.00806pt
* \evensidemargin=13.00806pt
* \topmargin=28.90755pt
* \headheight=6.50403pt
* \headsep=25.0pt
* \topskip=12.0pt
* \footskip=30.0pt
* \marginparwidth=44.0pt
* \marginparsep=10.0pt
* \columnsep=10.0pt
* \skip\footins=10.8pt plus 4.0pt minus 2.0pt
* \hoffset=0.0pt
* \voffset=0.0pt
* \mag=1000
* \@twocolumnfalse
* \@twosidefalse
* \@mparswitchfalse
* \@reversemarginfalse
* (1in=72.27pt=25.4mm, 1cm=28.453pt)

LaTeX Info: Redefining \. on input line 176.
LaTeX Info: Redefining \% on input line 176.
(c:/texlive/2021/texmf-dist/tex/latex/pdflscape/pdflscape.sty
Package: pdflscape 2019/12/05 v0.12 Display of landscape pages in PDF (HO)
 (c:/texlive/2021/texmf-dist/tex/latex/graphics/lscape.sty
Package: lscape 2020/05/28 v3.02 Landscape Pages (DPC)
)
Package pdflscape Info: Auto-detected driver: pdftex on input line 81.
)
Package hyperref Info: Link coloring ON on input line 176.
 (c:/texlive/2021/texmf-dist/tex/latex/hyperref/nameref.sty
Package: nameref 2021-04-02 v2.47 Cross-referencing by name of section
 (c:/texlive/2021/texmf-dist/tex/latex/refcount/refcount.sty
Package: refcount 2019/12/15 v3.6 Data extraction from label references (HO)
) (c:/texlive/2021/texmf-dist/tex/generic/gettitlestring/gettitlestring.sty
Package: gettitlestring 2019/12/15 v1.6 Cleanup title references (HO)
)
\c@section@level=\count357
)
LaTeX Info: Redefining \ref on input line 176.
LaTeX Info: Redefining \pageref on input line 176.
LaTeX Info: Redefining \nameref on input line 176.
\@outlinefile=\write4
\openout4 = `main.out'.

 (c:/texlive/2021/texmf-dist/tex/latex/translations/translations-basic-dictionary-spanish.trsl
File: translations-basic-dictionary-spanish.trsl (spanish translation file `translations-basic-dictionary')
)
Package translations Info: loading dictionary `translations-basic-dictionary' for `spanish'. on input line 176.
LaTeX Info: Redefining \celsius on input line 176.
Package gensymb Info: Faking symbols for \degree and \celsius on input line 176.


Package gensymb Warning: Not defining \perthousand.

LaTeX Info: Redefining \ohm on input line 176.
Package gensymb Info: Using \Omega for \ohm on input line 176.

Package gensymb Warning: Not defining \micro.

:<+ portada.tex
\openout2 = `portada.aux'.

(./portada.tex
<ipn.png, id=31, 101.4189pt x 146.2263pt>
File: ipn.png Graphic file (type png)
<use ipn.png>
Package pdftex.def Info: ipn.png  used on input line 3.
(pdftex.def)             Requested size: 56.90561pt x 85.36241pt.
<esfm.png, id=32, 122.859pt x 151.0443pt>
File: esfm.png Graphic file (type png)
<use esfm.png>
Package pdftex.def Info: esfm.png  used on input line 11.
(pdftex.def)             Requested size: 56.90575pt x 76.82413pt.
) [1



{c:/texlive/2021/texmf-var/fonts/map/pdftex/updmap/pdftex.map} <./ipn.png> <./esfm.png>]
:<-
:<+ agradecimientos.tex
\openout2 = `agradecimientos.aux'.

(./agradecimientos.tex)

Package fancyhdr Warning: \headheight is too small (6.50403pt): 
(fancyhdr)                Make it at least 14.49998pt, for example:
(fancyhdr)                \setlength{\headheight}{14.49998pt}.
(fancyhdr)                You might also make \topmargin smaller to compensate:
(fancyhdr)                \addtolength{\topmargin}{-7.99596pt}.

[2




]
:<-
:<+ contents.tex
\openout2 = `contents.aux'.

(./contents.tex
\tf@toc=\write5
\openout5 = `main.toc'.



Package fancyhdr Warning: \fancyhead's `E' option without twoside option is useless on input line 7.


Package fancyhdr Warning: \headheight is too small (6.50403pt): 
(fancyhdr)                Make it at least 14.49998pt, for example:
(fancyhdr)                \setlength{\headheight}{14.49998pt}.
(fancyhdr)                You might also make \topmargin smaller to compensate:
(fancyhdr)                \addtolength{\topmargin}{-7.99596pt}.

[3





])
:<-
:<+ introduccion_1.tex
\openout2 = `introduccion_1.aux'.

(./introduccion_1.tex
 1.
LaTeX Font Info:    Trying to load font information for U+msa on input line 5.
(c:/texlive/2021/texmf-dist/tex/latex/amsfonts/umsa.fd
File: umsa.fd 2013/01/14 v3.01 AMS symbols A
)
LaTeX Font Info:    Trying to load font information for U+msb on input line 5.
 (c:/texlive/2021/texmf-dist/tex/latex/amsfonts/umsb.fd
File: umsb.fd 2013/01/14 v3.01 AMS symbols B
)
LaTeX Font Info:    Trying to load font information for U+rsfs on input line 5.
 (c:/texlive/2021/texmf-dist/tex/latex/jknapltx/ursfs.fd
File: ursfs.fd 1998/03/24 rsfs font definition file (jk)
)
LaTeX Font Info:    Trying to load font information for U+esint on input line 5.
 (c:/texlive/2021/texmf-dist/tex/latex/esint/uesint.fd
File: uesint.fd 
)
LaTeX Font Info:    Trying to load font information for OMX+yhex on input line 5.
 (c:/texlive/2021/texmf-dist/tex/latex/yhmath/OMXyhex.fd
File: OMXyhex.fd 
File: OMXyhex.fd 2013/07/03 v1.1 YH's humble contribution to TeX maths (NP)
)

Package fancyhdr Warning: \fancyhead's `E' option without twoside option is useless on input line 9.


Package fancyhdr Warning: \headheight is too small (6.50403pt): 
(fancyhdr)                Make it at least 14.49998pt, for example:
(fancyhdr)                \setlength{\headheight}{14.49998pt}.
(fancyhdr)                You might also make \topmargin smaller to compensate:
(fancyhdr)                \addtolength{\topmargin}{-7.99596pt}.

[4





]

LaTeX Warning: Citation `Sakurai' on page 5 undefined on input line 29.


Package fancyhdr Warning: \headheight is too small (6.50403pt): 
(fancyhdr)                Make it at least 14.49998pt, for example:
(fancyhdr)                \setlength{\headheight}{14.49998pt}.
(fancyhdr)                You might also make \topmargin smaller to compensate:
(fancyhdr)                \addtolength{\topmargin}{-7.99596pt}.

[5]

LaTeX Warning: Citation `Pena' on page 6 undefined on input line 41.


Package fancyhdr Warning: \headheight is too small (6.50403pt): 
(fancyhdr)                Make it at least 14.49998pt, for example:
(fancyhdr)                \setlength{\headheight}{14.49998pt}.
(fancyhdr)                You might also make \topmargin smaller to compensate:
(fancyhdr)                \addtolength{\topmargin}{-7.99596pt}.

[6]
LaTeX Info: Redefining \. on input line 72.
LaTeX Info: Redefining \% on input line 72.


Package fancyhdr Warning: \headheight is too small (6.50403pt): 
(fancyhdr)                Make it at least 14.49998pt, for example:
(fancyhdr)                \setlength{\headheight}{14.49998pt}.
(fancyhdr)                You might also make \topmargin smaller to compensate:
(fancyhdr)                \addtolength{\topmargin}{-7.99596pt}.

[7]
LaTeX Info: Redefining \. on input line 114.
LaTeX Info: Redefining \% on input line 114.


Package fancyhdr Warning: \headheight is too small (6.50403pt): 
(fancyhdr)                Make it at least 14.49998pt, for example:
(fancyhdr)                \setlength{\headheight}{14.49998pt}.
(fancyhdr)                You might also make \topmargin smaller to compensate:
(fancyhdr)                \addtolength{\topmargin}{-7.99596pt}.

[8]

LaTeX Warning: Reference `OA.5' on page 9 undefined on input line 141.


LaTeX Warning: Reference `OA.6' on page 9 undefined on input line 141.


LaTeX Warning: Reference `OA.9' on page 9 undefined on input line 149.


LaTeX Warning: Reference `OA.10' on page 9 undefined on input line 149.


LaTeX Warning: Reference `OA.5' on page 9 undefined on input line 149.

LaTeX Info: Redefining \. on input line 154.
LaTeX Info: Redefining \% on input line 154.

Package fancyhdr Warning: \headheight is too small (6.50403pt): 
(fancyhdr)                Make it at least 14.49998pt, for example:
(fancyhdr)                \setlength{\headheight}{14.49998pt}.
(fancyhdr)                You might also make \topmargin smaller to compensate:
(fancyhdr)                \addtolength{\topmargin}{-7.99596pt}.

[9]

LaTeX Warning: Reference `OA.11' on page 10 undefined on input line 161.

LaTeX Info: Redefining \. on input line 193.
LaTeX Info: Redefining \% on input line 193.

Package fancyhdr Warning: \headheight is too small (6.50403pt): 
(fancyhdr)                Make it at least 14.49998pt, for example:
(fancyhdr)                \setlength{\headheight}{14.49998pt}.
(fancyhdr)                You might also make \topmargin smaller to compensate:
(fancyhdr)                \addtolength{\topmargin}{-7.99596pt}.

[10]

LaTeX Warning: Reference `OA.13' on page 11 undefined on input line 206.


LaTeX Warning: Reference `OA.12' on page 11 undefined on input line 206.


LaTeX Warning: Citation `Loudon' on page 11 undefined on input line 223.

LaTeX Info: Redefining \. on input line 251.
LaTeX Info: Redefining \% on input line 251.

Package fancyhdr Warning: \headheight is too small (6.50403pt): 
(fancyhdr)                Make it at least 14.49998pt, for example:
(fancyhdr)                \setlength{\headheight}{14.49998pt}.
(fancyhdr)                You might also make \topmargin smaller to compensate:
(fancyhdr)                \addtolength{\topmargin}{-7.99596pt}.

[11])
LaTeX Info: Redefining \. on input line 190.
LaTeX Info: Redefining \% on input line 190.


Package fancyhdr Warning: \headheight is too small (6.50403pt): 
(fancyhdr)                Make it at least 14.49998pt, for example:
(fancyhdr)                \setlength{\headheight}{14.49998pt}.
(fancyhdr)                You might also make \topmargin smaller to compensate:
(fancyhdr)                \addtolength{\topmargin}{-7.99596pt}.

[12]
:<-
:<+ capitulo_2.tex
\openout2 = `capitulo_2.aux'.

(./capitulo_2.tex
 2.

Package fancyhdr Warning: \fancyhead's `E' option without twoside option is useless on input line 26.


Package fancyhdr Warning: \headheight is too small (6.50403pt): 
(fancyhdr)                Make it at least 14.49998pt, for example:
(fancyhdr)                \setlength{\headheight}{14.49998pt}.
(fancyhdr)                You might also make \topmargin smaller to compensate:
(fancyhdr)                \addtolength{\topmargin}{-7.99596pt}.

[13





]

LaTeX Warning: Citation `Agarwal_2012' on page 14 undefined on input line 29.


LaTeX Warning: Reference `EM.4' on page 14 undefined on input line 29.


LaTeX Warning: Reference `EM.5' on page 14 undefined on input line 29.


LaTeX Warning: Reference `EM.6' on page 14 undefined on input line 29.


LaTeX Warning: Reference `EM.4' on page 14 undefined on input line 30.


LaTeX Warning: Citation `Riley' on page 14 undefined on input line 49.


LaTeX Warning: Citation `Walls' on page 14 undefined on input line 49.


LaTeX Warning: Citation `Arfken' on page 14 undefined on input line 51.


LaTeX Warning: Citation `Riley' on page 14 undefined on input line 61.


LaTeX Warning: Reference `EM.9' on page 14 undefined on input line 61.

LaTeX Info: Redefining \. on input line 62.
LaTeX Info: Redefining \% on input line 62.

Package fancyhdr Warning: \headheight is too small (6.50403pt): 
(fancyhdr)                Make it at least 14.49998pt, for example:
(fancyhdr)                \setlength{\headheight}{14.49998pt}.
(fancyhdr)                You might also make \topmargin smaller to compensate:
(fancyhdr)                \addtolength{\topmargin}{-7.99596pt}.

[14]
LaTeX Info: Redefining \. on input line 108.
LaTeX Info: Redefining \% on input line 108.


Package fancyhdr Warning: \headheight is too small (6.50403pt): 
(fancyhdr)                Make it at least 14.49998pt, for example:
(fancyhdr)                \setlength{\headheight}{14.49998pt}.
(fancyhdr)                You might also make \topmargin smaller to compensate:
(fancyhdr)                \addtolength{\topmargin}{-7.99596pt}.

[15]
LaTeX Info: Redefining \. on input line 139.
LaTeX Info: Redefining \% on input line 139.


Package fancyhdr Warning: \headheight is too small (6.50403pt): 
(fancyhdr)                Make it at least 14.49998pt, for example:
(fancyhdr)                \setlength{\headheight}{14.49998pt}.
(fancyhdr)                You might also make \topmargin smaller to compensate:
(fancyhdr)                \addtolength{\topmargin}{-7.99596pt}.

[16]

LaTeX Warning: Citation `Mandel' on page 17 undefined on input line 144.

LaTeX Info: Redefining \. on input line 164.
LaTeX Info: Redefining \% on input line 164.

Package fancyhdr Warning: \headheight is too small (6.50403pt): 
(fancyhdr)                Make it at least 14.49998pt, for example:
(fancyhdr)                \setlength{\headheight}{14.49998pt}.
(fancyhdr)                You might also make \topmargin smaller to compensate:
(fancyhdr)                \addtolength{\topmargin}{-7.99596pt}.

[17]

LaTeX Warning: Reference `EM.20' on page 18 undefined on input line 165.


LaTeX Warning: Citation `Loudon' on page 18 undefined on input line 228.


LaTeX Warning: Citation `Leonhardt' on page 18 undefined on input line 234.

LaTeX Info: Redefining \. on input line 239.
LaTeX Info: Redefining \% on input line 239.

Package fancyhdr Warning: \headheight is too small (6.50403pt): 
(fancyhdr)                Make it at least 14.49998pt, for example:
(fancyhdr)                \setlength{\headheight}{14.49998pt}.
(fancyhdr)                You might also make \topmargin smaller to compensate:
(fancyhdr)                \addtolength{\topmargin}{-7.99596pt}.

[18]

LaTeX Warning: Citation `Agarwal_2012' on page 19 undefined on input line 241.

)
LaTeX Info: Redefining \. on input line 191.
LaTeX Info: Redefining \% on input line 191.


Package fancyhdr Warning: \headheight is too small (6.50403pt): 
(fancyhdr)                Make it at least 14.49998pt, for example:
(fancyhdr)                \setlength{\headheight}{14.49998pt}.
(fancyhdr)                You might also make \topmargin smaller to compensate:
(fancyhdr)                \addtolength{\topmargin}{-7.99596pt}.

[19]
:<-
:<+ capitulo_3.tex
\openout2 = `capitulo_3.aux'.

(./capitulo_3.tex
 3.

LaTeX Warning: Citation `Agarwal_2012' on page 20 undefined on input line 20.


LaTeX Warning: Citation `Leonhardt' on page 20 undefined on input line 20.


Package fancyhdr Warning: \fancyhead's `E' option without twoside option is useless on input line 27.


Package fancyhdr Warning: \headheight is too small (6.50403pt): 
(fancyhdr)                Make it at least 14.49998pt, for example:
(fancyhdr)                \setlength{\headheight}{14.49998pt}.
(fancyhdr)                You might also make \topmargin smaller to compensate:
(fancyhdr)                \addtolength{\topmargin}{-7.99596pt}.

[20





]

LaTeX Warning: Citation `Walls' on page 21 undefined on input line 30.


LaTeX Warning: Citation `Glauber' on page 21 undefined on input line 59.


LaTeX Warning: Citation `Leonhardt' on page 21 undefined on input line 59.

LaTeX Info: Redefining \. on input line 66.
LaTeX Info: Redefining \% on input line 66.

Package fancyhdr Warning: \headheight is too small (6.50403pt): 
(fancyhdr)                Make it at least 14.49998pt, for example:
(fancyhdr)                \setlength{\headheight}{14.49998pt}.
(fancyhdr)                You might also make \topmargin smaller to compensate:
(fancyhdr)                \addtolength{\topmargin}{-7.99596pt}.

[21]
LaTeX Info: Redefining \. on input line 130.
LaTeX Info: Redefining \% on input line 130.


Package fancyhdr Warning: \headheight is too small (6.50403pt): 
(fancyhdr)                Make it at least 14.49998pt, for example:
(fancyhdr)                \setlength{\headheight}{14.49998pt}.
(fancyhdr)                You might also make \topmargin smaller to compensate:
(fancyhdr)                \addtolength{\topmargin}{-7.99596pt}.

[22]
LaTeX Info: Redefining \. on input line 161.
LaTeX Info: Redefining \% on input line 161.


Package fancyhdr Warning: \headheight is too small (6.50403pt): 
(fancyhdr)                Make it at least 14.49998pt, for example:
(fancyhdr)                \setlength{\headheight}{14.49998pt}.
(fancyhdr)                You might also make \topmargin smaller to compensate:
(fancyhdr)                \addtolength{\topmargin}{-7.99596pt}.

[23]
LaTeX Info: Redefining \. on input line 185.
LaTeX Info: Redefining \% on input line 185.


Package fancyhdr Warning: \headheight is too small (6.50403pt): 
(fancyhdr)                Make it at least 14.49998pt, for example:
(fancyhdr)                \setlength{\headheight}{14.49998pt}.
(fancyhdr)                You might also make \topmargin smaller to compensate:
(fancyhdr)                \addtolength{\topmargin}{-7.99596pt}.

[24]

LaTeX Warning: Citation `Schwichtenberg' on page 25 undefined on input line 203.

LaTeX Info: Redefining \. on input line 204.
LaTeX Info: Redefining \% on input line 204.

Package fancyhdr Warning: \headheight is too small (6.50403pt): 
(fancyhdr)                Make it at least 14.84344pt, for example:
(fancyhdr)                \setlength{\headheight}{14.84344pt}.
(fancyhdr)                You might also make \topmargin smaller to compensate:
(fancyhdr)                \addtolength{\topmargin}{-8.33942pt}.

[25]

LaTeX Warning: `!h' float specifier changed to `!ht'.


LaTeX Warning: `!h' float specifier changed to `!ht'.

LaTeX Info: Redefining \. on input line 338.
LaTeX Info: Redefining \% on input line 338.

Package fancyhdr Warning: \headheight is too small (6.50403pt): 
(fancyhdr)                Make it at least 14.84344pt, for example:
(fancyhdr)                \setlength{\headheight}{14.84344pt}.
(fancyhdr)                You might also make \topmargin smaller to compensate:
(fancyhdr)                \addtolength{\topmargin}{-8.33942pt}.

[26]
LaTeX Info: Redefining \. on input line 346.
LaTeX Info: Redefining \% on input line 346.


Package fancyhdr Warning: \headheight is too small (6.50403pt): 
(fancyhdr)                Make it at least 14.84344pt, for example:
(fancyhdr)                \setlength{\headheight}{14.84344pt}.
(fancyhdr)                You might also make \topmargin smaller to compensate:
(fancyhdr)                \addtolength{\topmargin}{-8.33942pt}.

[27]
LaTeX Info: Redefining \. on input line 379.
LaTeX Info: Redefining \% on input line 379.


Package fancyhdr Warning: \headheight is too small (6.50403pt): 
(fancyhdr)                Make it at least 14.84344pt, for example:
(fancyhdr)                \setlength{\headheight}{14.84344pt}.
(fancyhdr)                You might also make \topmargin smaller to compensate:
(fancyhdr)                \addtolength{\topmargin}{-8.33942pt}.

[28]
LaTeX Font Info:    Trying to load font information for U+euf on input line 380.
 (c:/texlive/2021/texmf-dist/tex/latex/amsfonts/ueuf.fd
File: ueuf.fd 2013/01/14 v3.01 Euler Fraktur
)
Overfull \hbox (2.64017pt too wide) in paragraph at lines 389--390
[][]\T1/cmr/m/n/12 Satisfacen la iden-ti-dad de Ja-co-bi: $\OT1/cmr/m/n/12 [\OML/cmm/m/it/12 X; \OT1/cmr/m/n/12 [\OML/cmm/m/it/12 Y; Z\OT1/cmr/m/n/12 ]] + [\OML/cmm/m/it/12 Z; \OT1/cmr/m/n/12 [\OML/cmm/m/it/12 X; Y\OT1/cmr/m/n/12 ]] + [\OML/cmm/m/it/12 Y; \OT1/cmr/m/n/12 [\OML/cmm/m/it/12 Z; X\OT1/cmr/m/n/12 ]] = 0$\T1/cmr/m/n/12 , $\OMS/cmsy/m/n/12 8\OML/cmm/m/it/12 X; Y; Z \OMS/cmsy/m/n/12 2
 []

LaTeX Info: Redefining \. on input line 411.
LaTeX Info: Redefining \% on input line 411.

Package fancyhdr Warning: \headheight is too small (6.50403pt): 
(fancyhdr)                Make it at least 14.84344pt, for example:
(fancyhdr)                \setlength{\headheight}{14.84344pt}.
(fancyhdr)                You might also make \topmargin smaller to compensate:
(fancyhdr)                \addtolength{\topmargin}{-8.33942pt}.

[29]

LaTeX Warning: Reference `eq:generator' on page 30 undefined on input line 428.


LaTeX Warning: Citation `Perelomov' on page 30 undefined on input line 437.

LaTeX Info: Redefining \. on input line 444.
LaTeX Info: Redefining \% on input line 444.

Package fancyhdr Warning: \headheight is too small (6.50403pt): 
(fancyhdr)                Make it at least 14.49998pt, for example:
(fancyhdr)                \setlength{\headheight}{14.49998pt}.
(fancyhdr)                You might also make \topmargin smaller to compensate:
(fancyhdr)                \addtolength{\topmargin}{-7.99596pt}.

[30]
LaTeX Info: Redefining \. on input line 475.
LaTeX Info: Redefining \% on input line 475.


Package fancyhdr Warning: \headheight is too small (6.50403pt): 
(fancyhdr)                Make it at least 14.49998pt, for example:
(fancyhdr)                \setlength{\headheight}{14.49998pt}.
(fancyhdr)                You might also make \topmargin smaller to compensate:
(fancyhdr)                \addtolength{\topmargin}{-7.99596pt}.

[31]

LaTeX Warning: Reference `eq:C3_op_posicion_esc' on page 32 undefined on input line 476.


LaTeX Warning: Reference `eq:C3_op_momento_esc' on page 32 undefined on input line 476.

LaTeX Info: Redefining \. on input line 503.
LaTeX Info: Redefining \% on input line 503.

Package fancyhdr Warning: \headheight is too small (6.50403pt): 
(fancyhdr)                Make it at least 14.49998pt, for example:
(fancyhdr)                \setlength{\headheight}{14.49998pt}.
(fancyhdr)                You might also make \topmargin smaller to compensate:
(fancyhdr)                \addtolength{\topmargin}{-7.99596pt}.

[32]
LaTeX Info: Redefining \. on input line 525.
LaTeX Info: Redefining \% on input line 525.


Package fancyhdr Warning: \headheight is too small (6.50403pt): 
(fancyhdr)                Make it at least 14.49998pt, for example:
(fancyhdr)                \setlength{\headheight}{14.49998pt}.
(fancyhdr)                You might also make \topmargin smaller to compensate:
(fancyhdr)                \addtolength{\topmargin}{-7.99596pt}.

[33]
LaTeX Info: Redefining \. on input line 541.
LaTeX Info: Redefining \% on input line 541.


Package fancyhdr Warning: \headheight is too small (6.50403pt): 
(fancyhdr)                Make it at least 14.49998pt, for example:
(fancyhdr)                \setlength{\headheight}{14.49998pt}.
(fancyhdr)                You might also make \topmargin smaller to compensate:
(fancyhdr)                \addtolength{\topmargin}{-7.99596pt}.

[34]

LaTeX Warning: Citation `schwichtenberg2015physics' on page 35 undefined on input line 542.


Overfull \hbox (15.31157pt too wide) detected at line 565
[]
 []

LaTeX Info: Redefining \. on input line 565.
LaTeX Info: Redefining \% on input line 565.

Package fancyhdr Warning: \headheight is too small (6.50403pt): 
(fancyhdr)                Make it at least 14.49998pt, for example:
(fancyhdr)                \setlength{\headheight}{14.49998pt}.
(fancyhdr)                You might also make \topmargin smaller to compensate:
(fancyhdr)                \addtolength{\topmargin}{-7.99596pt}.

[35]

LaTeX Warning: Citation `Sakurai' on page 36 undefined on input line 576.

LaTeX Info: Redefining \. on input line 596.
LaTeX Info: Redefining \% on input line 596.

Package fancyhdr Warning: \headheight is too small (6.50403pt): 
(fancyhdr)                Make it at least 14.49998pt, for example:
(fancyhdr)                \setlength{\headheight}{14.49998pt}.
(fancyhdr)                You might also make \topmargin smaller to compensate:
(fancyhdr)                \addtolength{\topmargin}{-7.99596pt}.

[36]pdfTeX warning (ext4): destination with the same identifier (name{equation.3.1}) has been already used, duplicate ignored
<to be read again> 
                   \relax 
l.599         \begin{equation}
                              pdfTeX warning (ext4): destination with the same identifier (name{equation.3.1}) has been already used, duplicate ignored
<to be read again> 
                   \relax 
l.599         \begin{equation}
                              pdfTeX warning (ext4): destination with the same identifier (name{equation.3.1}) has been already used, duplicate ignored
<to be read again> 
                   \relax 
l.599         \begin{equation}
                              pdfTeX warning (ext4): destination with the same identifier (name{equation.3.1}) has been already used, duplicate ignored
<to be read again> 
                   \relax 
l.599         \begin{equation}
                              pdfTeX warning (ext4): destination with the same identifier (name{equation.3.2}) has been already used, duplicate ignored
<to be read again> 
                   \relax 
l.606         \end{align}
                         pdfTeX warning (ext4): destination with the same identifier (name{equation.3.3}) has been already used, duplicate ignored
<to be read again> 
                   \relax 
l.609         \begin{equation}
                              pdfTeX warning (ext4): destination with the same identifier (name{equation.3.3}) has been already used, duplicate ignored
<to be read again> 
                   \relax 
l.609         \begin{equation}
                              pdfTeX warning (ext4): destination with the same identifier (name{equation.3.3}) has been already used, duplicate ignored
<to be read again> 
                   \relax 
l.609         \begin{equation}
                              pdfTeX warning (ext4): destination with the same identifier (name{equation.3.3}) has been already used, duplicate ignored
<to be read again> 
                   \relax 
l.609         \begin{equation}
                              

LaTeX Warning: Reference `eq:res3-1' on page 37 undefined on input line 612.


LaTeX Warning: Reference `eq:prob3-1' on page 37 undefined on input line 620.

pdfTeX warning (ext4): destination with the same identifier (name{equation.3.4}) has been already used, duplicate ignored
<to be read again> 
                   \relax 
l.622         \begin{equation}
                              pdfTeX warning (ext4): destination with the same identifier (name{equation.3.4}) has been already used, duplicate ignored
<to be read again> 
                   \relax 
l.622         \begin{equation}
                              pdfTeX warning (ext4): destination with the same identifier (name{equation.3.4}) has been already used, duplicate ignored
<to be read again> 
                   \relax 
l.622         \begin{equation}
                              pdfTeX warning (ext4): destination with the same identifier (name{equation.3.4}) has been already used, duplicate ignored
<to be read again> 
                   \relax 
l.622         \begin{equation}
                              

LaTeX Warning: Reference `eq:res3-1' on page 37 undefined on input line 625.


LaTeX Warning: Reference `eq:res3-2' on page 37 undefined on input line 625.


LaTeX Warning: Reference `eq:prob3-1' on page 37 undefined on input line 625.

LaTeX Info: Redefining \. on input line 629.
LaTeX Info: Redefining \% on input line 629.

Package fancyhdr Warning: \headheight is too small (6.50403pt): 
(fancyhdr)                Make it at least 14.49998pt, for example:
(fancyhdr)                \setlength{\headheight}{14.49998pt}.
(fancyhdr)                You might also make \topmargin smaller to compensate:
(fancyhdr)                \addtolength{\topmargin}{-7.99596pt}.

[37]
Overfull \hbox (23.42963pt too wide) detected at line 671
[]
 []

LaTeX Info: Redefining \. on input line 671.
LaTeX Info: Redefining \% on input line 671.

Package fancyhdr Warning: \headheight is too small (6.50403pt): 
(fancyhdr)                Make it at least 14.49998pt, for example:
(fancyhdr)                \setlength{\headheight}{14.49998pt}.
(fancyhdr)                You might also make \topmargin smaller to compensate:
(fancyhdr)                \addtolength{\topmargin}{-7.99596pt}.

[38]
LaTeX Info: Redefining \. on input line 709.
LaTeX Info: Redefining \% on input line 709.


Package fancyhdr Warning: \headheight is too small (6.50403pt): 
(fancyhdr)                Make it at least 14.49998pt, for example:
(fancyhdr)                \setlength{\headheight}{14.49998pt}.
(fancyhdr)                You might also make \topmargin smaller to compensate:
(fancyhdr)                \addtolength{\topmargin}{-7.99596pt}.

[39]pdfTeX warning (ext4): destination with the same identifier (name{equation.3.5}) has been already used, duplicate ignored
<to be read again> 
                   \relax 
l.717         \end{align}
                         

LaTeX Warning: Reference `eq:6-1' on page 40 undefined on input line 719.


Overfull \hbox (58.26047pt too wide) detected at line 722
\OT1/cmr/m/n/12 (\OML/cmm/m/it/12  \OMS/cmsy/m/n/12 ^^@ \OML/cmm/m/it/12 ^^L\OT1/cmr/m/n/12 )(\OML/cmm/m/it/12 ^^M[] \OMS/cmsy/m/n/12 ^^@ \OML/cmm/m/it/12 i^^M[]\OT1/cmr/m/n/12 ) \OMS/cmsy/m/n/12 ^^@ \OT1/cmr/m/n/12 (\OML/cmm/m/it/12  \OMS/cmsy/m/n/12 ^^@ \OML/cmm/m/it/12 ^^L\OT1/cmr/m/n/12 )[](\OML/cmm/m/it/12 ^^M[] \OMS/cmsy/m/n/12 ^^@ \OML/cmm/m/it/12 i^^M[]\OT1/cmr/m/n/12 ) = (\OML/cmm/m/it/12 [] \OMS/cmsy/m/n/12 ^^@ \OML/cmm/m/it/12 ^^L[] \OT1/cmr/m/n/12 + \OML/cmm/m/it/12 i\OT1/cmr/m/n/12 (\OML/cmm/m/it/12 [] \OT1/cmr/m/n/12 + \OML/cmm/m/it/12 ^^L[]\OT1/cmr/m/n/12 ))(\OML/cmm/m/it/12 ^^M[] \OMS/cmsy/m/n/12 ^^@ \OML/cmm/m/it/12 i^^M[]\OT1/cmr/m/n/12 ) \OMS/cmsy/m/n/12 ^^@ \OT1/cmr/m/n/12 (\OML/cmm/m/it/12 [] \OMS/cmsy/m/n/12 ^^@ \OML/cmm/m/it/12 ^^L[] \OMS/cmsy/m/n/12 ^^@ \OML/cmm/m/it/12 i\OT1/cmr/m/n/12 (\OML/cmm/m/it/12 [] \OMS/cmsy/m/n/12 ^^@ \OML/cmm/m/it/12 ^^L[]\OT1/cmr/m/n/12 ))(\OML/cmm/m/it/12 ^^M[] \OT1/cmr/m/n/12 + \OML/cmm/m/it/12 i^^M[]\OT1/cmr/m/n/12 )
 []


Overfull \hbox (105.1107pt too wide) detected at line 730
[]
 []


LaTeX Warning: Reference `eq:6-1' on page 40 undefined on input line 731.

LaTeX Info: Redefining \. on input line 740.
LaTeX Info: Redefining \% on input line 740.

Package fancyhdr Warning: \headheight is too small (6.50403pt): 
(fancyhdr)                Make it at least 14.49998pt, for example:
(fancyhdr)                \setlength{\headheight}{14.49998pt}.
(fancyhdr)                You might also make \topmargin smaller to compensate:
(fancyhdr)                \addtolength{\topmargin}{-7.99596pt}.

[40]
Overfull \hbox (91.36311pt too wide) detected at line 766
[]
 []

LaTeX Info: Redefining \. on input line 766.
LaTeX Info: Redefining \% on input line 766.

Package fancyhdr Warning: \headheight is too small (6.50403pt): 
(fancyhdr)                Make it at least 14.49998pt, for example:
(fancyhdr)                \setlength{\headheight}{14.49998pt}.
(fancyhdr)                You might also make \topmargin smaller to compensate:
(fancyhdr)                \addtolength{\topmargin}{-7.99596pt}.

[41]pdfTeX warning (ext4): destination with the same identifier (name{equation.3.6}) has been already used, duplicate ignored
<to be read again> 
                   \relax 
l.781         \end{align}
                         

LaTeX Warning: Reference `eq:9-1' on page 42 undefined on input line 783.

pdfTeX warning (ext4): destination with the same identifier (name{equation.3.7}) has been already used, duplicate ignored
<to be read again> 
                   \relax 
l.784         \begin{equation}
                              pdfTeX warning (ext4): destination with the same identifier (name{equation.3.7}) has been already used, duplicate ignored
<to be read again> 
                   \relax 
l.784         \begin{equation}
                              pdfTeX warning (ext4): destination with the same identifier (name{equation.3.7}) has been already used, duplicate ignored
<to be read again> 
                   \relax 
l.784         \begin{equation}
                              pdfTeX warning (ext4): destination with the same identifier (name{equation.3.7}) has been already used, duplicate ignored
<to be read again> 
                   \relax 
l.784         \begin{equation}
                              pdfTeX warning (ext4): destination with the same identifier (name{equation.3.8}) has been already used, duplicate ignored
<to be read again> 
                   \relax 
l.789         \begin{equation}
                              pdfTeX warning (ext4): destination with the same identifier (name{equation.3.8}) has been already used, duplicate ignored
<to be read again> 
                   \relax 
l.789         \begin{equation}
                              pdfTeX warning (ext4): destination with the same identifier (name{equation.3.8}) has been already used, duplicate ignored
<to be read again> 
                   \relax 
l.789         \begin{equation}
                              pdfTeX warning (ext4): destination with the same identifier (name{equation.3.8}) has been already used, duplicate ignored
<to be read again> 
                   \relax 
l.789         \begin{equation}
                              
LaTeX Info: Redefining \. on input line 796.
LaTeX Info: Redefining \% on input line 796.


Package fancyhdr Warning: \headheight is too small (6.50403pt): 
(fancyhdr)                Make it at least 14.49998pt, for example:
(fancyhdr)                \setlength{\headheight}{14.49998pt}.
(fancyhdr)                You might also make \topmargin smaller to compensate:
(fancyhdr)                \addtolength{\topmargin}{-7.99596pt}.

[42]pdfTeX warning (ext4): destination with the same identifier (name{equation.3.9}) has been already used, duplicate ignored
<to be read again> 
                   \relax 
l.814         \begin{equation}
                              pdfTeX warning (ext4): destination with the same identifier (name{equation.3.9}) has been already used, duplicate ignored
<to be read again> 
                   \relax 
l.814         \begin{equation}
                              pdfTeX warning (ext4): destination with the same identifier (name{equation.3.9}) has been already used, duplicate ignored
<to be read again> 
                   \relax 
l.814         \begin{equation}
                              pdfTeX warning (ext4): destination with the same identifier (name{equation.3.9}) has been already used, duplicate ignored
<to be read again> 
                   \relax 
l.814         \begin{equation}
                              
Overfull \hbox (48.55597pt too wide) detected at line 826
[]
 []

LaTeX Info: Redefining \. on input line 826.
LaTeX Info: Redefining \% on input line 826.

Package fancyhdr Warning: \headheight is too small (6.50403pt): 
(fancyhdr)                Make it at least 14.49998pt, for example:
(fancyhdr)                \setlength{\headheight}{14.49998pt}.
(fancyhdr)                You might also make \topmargin smaller to compensate:
(fancyhdr)                \addtolength{\topmargin}{-7.99596pt}.

[43]

LaTeX Warning: Reference `eq:9-3' on page 44 undefined on input line 828.


LaTeX Warning: Reference `eq:9-4' on page 44 undefined on input line 841.

LaTeX Info: Redefining \. on input line 845.
LaTeX Info: Redefining \% on input line 845.

Package fancyhdr Warning: \headheight is too small (6.50403pt): 
(fancyhdr)                Make it at least 14.49998pt, for example:
(fancyhdr)                \setlength{\headheight}{14.49998pt}.
(fancyhdr)                You might also make \topmargin smaller to compensate:
(fancyhdr)                \addtolength{\topmargin}{-7.99596pt}.

[44]
LaTeX Info: Redefining \. on input line 875.
LaTeX Info: Redefining \% on input line 875.


Package fancyhdr Warning: \headheight is too small (6.50403pt): 
(fancyhdr)                Make it at least 14.49998pt, for example:
(fancyhdr)                \setlength{\headheight}{14.49998pt}.
(fancyhdr)                You might also make \topmargin smaller to compensate:
(fancyhdr)                \addtolength{\topmargin}{-7.99596pt}.

[45]

LaTeX Warning: `!h' float specifier changed to `!ht'.

LaTeX Info: Redefining \. on input line 977.
LaTeX Info: Redefining \% on input line 977.

Package fancyhdr Warning: \headheight is too small (6.50403pt): 
(fancyhdr)                Make it at least 14.49998pt, for example:
(fancyhdr)                \setlength{\headheight}{14.49998pt}.
(fancyhdr)                You might also make \topmargin smaller to compensate:
(fancyhdr)                \addtolength{\topmargin}{-7.99596pt}.

[46]
LaTeX Info: Redefining \. on input line 987.
LaTeX Info: Redefining \% on input line 987.


Package fancyhdr Warning: \headheight is too small (6.50403pt): 
(fancyhdr)                Make it at least 14.49998pt, for example:
(fancyhdr)                \setlength{\headheight}{14.49998pt}.
(fancyhdr)                You might also make \topmargin smaller to compensate:
(fancyhdr)                \addtolength{\topmargin}{-7.99596pt}.

[47]

LaTeX Warning: Citation `Leonhardt' on page 48 undefined on input line 992.


LaTeX Warning: Citation `Loudon' on page 48 undefined on input line 1004.

LaTeX Info: Redefining \. on input line 1020.
LaTeX Info: Redefining \% on input line 1020.

Package fancyhdr Warning: \headheight is too small (6.50403pt): 
(fancyhdr)                Make it at least 14.49998pt, for example:
(fancyhdr)                \setlength{\headheight}{14.49998pt}.
(fancyhdr)                You might also make \topmargin smaller to compensate:
(fancyhdr)                \addtolength{\topmargin}{-7.99596pt}.

[48]

LaTeX Warning: Citation `Mandel' on page 49 undefined on input line 1031.


LaTeX Warning: Citation `Loudon' on page 49 undefined on input line 1035.

LaTeX Info: Redefining \. on input line 1057.
LaTeX Info: Redefining \% on input line 1057.

Package fancyhdr Warning: \headheight is too small (6.50403pt): 
(fancyhdr)                Make it at least 14.49998pt, for example:
(fancyhdr)                \setlength{\headheight}{14.49998pt}.
(fancyhdr)                You might also make \topmargin smaller to compensate:
(fancyhdr)                \addtolength{\topmargin}{-7.99596pt}.

[49])
LaTeX Info: Redefining \. on input line 192.
LaTeX Info: Redefining \% on input line 192.


Package fancyhdr Warning: \headheight is too small (6.50403pt): 
(fancyhdr)                Make it at least 14.49998pt, for example:
(fancyhdr)                \setlength{\headheight}{14.49998pt}.
(fancyhdr)                You might also make \topmargin smaller to compensate:
(fancyhdr)                \addtolength{\topmargin}{-7.99596pt}.

[50]
:<-
:<+ capitulo_4.tex
\openout2 = `capitulo_4.aux'.

(./capitulo_4.tex
 4.

LaTeX Warning: Citation `Leonhardt' on page 51 undefined on input line 7.


LaTeX Warning: Citation `Moya' on page 51 undefined on input line 9.


LaTeX Warning: Citation `Mandel' on page 51 undefined on input line 11.


Package fancyhdr Warning: \fancyhead's `E' option without twoside option is useless on input line 12.


Package fancyhdr Warning: \headheight is too small (6.50403pt): 
(fancyhdr)                Make it at least 14.49998pt, for example:
(fancyhdr)                \setlength{\headheight}{14.49998pt}.
(fancyhdr)                You might also make \topmargin smaller to compensate:
(fancyhdr)                \addtolength{\topmargin}{-7.99596pt}.

[51





]
Overfull \hbox (28.3285pt too wide) in paragraph at lines 22--23
[][]\T1/cmr/m/n/12 A par-te de la fun-cin de Wig-ner, exis-ten otras fun-cio-nes de dis-tri-bu-cin cuasi-probabilsticas
 []


Package fancyhdr Warning: \headheight is too small (6.50403pt): 
(fancyhdr)                Make it at least 14.49998pt, for example:
(fancyhdr)                \setlength{\headheight}{14.49998pt}.
(fancyhdr)                You might also make \topmargin smaller to compensate:
(fancyhdr)                \addtolength{\topmargin}{-7.99596pt}.

[52]

LaTeX Warning: Citation `.' on page 53 undefined on input line 39.


Overfull \hbox (41.21346pt too wide) in paragraph at lines 38--40
\T1/cmr/m/n/12 se ex-pre-sa en-ton-ces la fun-cin de Wig-ner en tr-mi-nos de la tra-za del ope-ra-dor $[]\OT1/cmr/m/n/12 (\OMS/cmsy/m/n/12 ^^@\OT1/cmr/m/n/12 1)[][]\OML/cmm/m/it/12 D[]\OT1/cmr/m/n/12 (\OML/cmm/m/it/12 \OT1/cmr/m/n/12 )[]\OML/cmm/m/it/12 ^^Z[]D\OT1/cmr/m/n/12 (\OML/cmm/m/it/12 \OT1/cmr/m/n/12 )$
 []


LaTeX Warning: Citation `sanchez' on page 53 undefined on input line 43.

)

Package fancyhdr Warning: \headheight is too small (6.50403pt): 
(fancyhdr)                Make it at least 14.49998pt, for example:
(fancyhdr)                \setlength{\headheight}{14.49998pt}.
(fancyhdr)                You might also make \topmargin smaller to compensate:
(fancyhdr)                \addtolength{\topmargin}{-7.99596pt}.

[53]
:<-
:<+ capitulo_5.tex
\openout2 = `capitulo_5.aux'.

(./capitulo_5.tex
 5.

Overfull \hbox (30.59227pt too wide) detected at line 26
[]
 []


Package fancyhdr Warning: \fancyhead's `E' option without twoside option is useless on input line 35.


Package fancyhdr Warning: \headheight is too small (6.50403pt): 
(fancyhdr)                Make it at least 14.49998pt, for example:
(fancyhdr)                \setlength{\headheight}{14.49998pt}.
(fancyhdr)                You might also make \topmargin smaller to compensate:
(fancyhdr)                \addtolength{\topmargin}{-7.99596pt}.

[54





]
LaTeX Info: Redefining \. on input line 70.
LaTeX Info: Redefining \% on input line 70.


Package fancyhdr Warning: \headheight is too small (6.50403pt): 
(fancyhdr)                Make it at least 14.49998pt, for example:
(fancyhdr)                \setlength{\headheight}{14.49998pt}.
(fancyhdr)                You might also make \topmargin smaller to compensate:
(fancyhdr)                \addtolength{\topmargin}{-7.99596pt}.

[55]
LaTeX Info: Redefining \. on input line 94.
LaTeX Info: Redefining \% on input line 94.


Package fancyhdr Warning: \headheight is too small (6.50403pt): 
(fancyhdr)                Make it at least 14.49998pt, for example:
(fancyhdr)                \setlength{\headheight}{14.49998pt}.
(fancyhdr)                You might also make \topmargin smaller to compensate:
(fancyhdr)                \addtolength{\topmargin}{-7.99596pt}.

[56]
LaTeX Info: Redefining \. on input line 115.
LaTeX Info: Redefining \% on input line 115.


Package fancyhdr Warning: \headheight is too small (6.50403pt): 
(fancyhdr)                Make it at least 14.49998pt, for example:
(fancyhdr)                \setlength{\headheight}{14.49998pt}.
(fancyhdr)                You might also make \topmargin smaller to compensate:
(fancyhdr)                \addtolength{\topmargin}{-7.99596pt}.

[57]
LaTeX Info: Redefining \. on input line 156.
LaTeX Info: Redefining \% on input line 156.


Package fancyhdr Warning: \headheight is too small (6.50403pt): 
(fancyhdr)                Make it at least 14.49998pt, for example:
(fancyhdr)                \setlength{\headheight}{14.49998pt}.
(fancyhdr)                You might also make \topmargin smaller to compensate:
(fancyhdr)                \addtolength{\topmargin}{-7.99596pt}.

[58]
Overfull \hbox (58.27176pt too wide) detected at line 170
[]
 []


LaTeX Warning: Reference `eq:c4-moya' on page 59 undefined on input line 172.


Overfull \hbox (75.64125pt too wide) detected at line 183
[]
 []

LaTeX Info: Redefining \. on input line 183.
LaTeX Info: Redefining \% on input line 183.

Package fancyhdr Warning: \headheight is too small (6.50403pt): 
(fancyhdr)                Make it at least 14.49998pt, for example:
(fancyhdr)                \setlength{\headheight}{14.49998pt}.
(fancyhdr)                You might also make \topmargin smaller to compensate:
(fancyhdr)                \addtolength{\topmargin}{-7.99596pt}.

[59]
Overfull \hbox (63.90688pt too wide) detected at line 196
[]
 []


Overfull \hbox (50.17242pt too wide) detected at line 205
[]
 []


Overfull \hbox (80.57353pt too wide) detected at line 210
[]
 []

LaTeX Info: Redefining \. on input line 210.
LaTeX Info: Redefining \% on input line 210.

Package fancyhdr Warning: \headheight is too small (6.50403pt): 
(fancyhdr)                Make it at least 14.49998pt, for example:
(fancyhdr)                \setlength{\headheight}{14.49998pt}.
(fancyhdr)                You might also make \topmargin smaller to compensate:
(fancyhdr)                \addtolength{\topmargin}{-7.99596pt}.

[60]
Overfull \hbox (15.9782pt too wide) detected at line 230
[]
 []


Overfull \hbox (20.89317pt too wide) detected at line 248
[]
 []


Overfull \hbox (63.94562pt too wide) detected at line 255
[]
 []

LaTeX Info: Redefining \. on input line 255.
LaTeX Info: Redefining \% on input line 255.

Package fancyhdr Warning: \headheight is too small (6.50403pt): 
(fancyhdr)                Make it at least 14.49998pt, for example:
(fancyhdr)                \setlength{\headheight}{14.49998pt}.
(fancyhdr)                You might also make \topmargin smaller to compensate:
(fancyhdr)                \addtolength{\topmargin}{-7.99596pt}.

[61]
Overfull \hbox (37.55983pt too wide) detected at line 261
[]
 []


Overfull \hbox (75.7508pt too wide) detected at line 266
[]
 []


Overfull \hbox (75.7508pt too wide) detected at line 280
[]
 []

LaTeX Info: Redefining \. on input line 290.
LaTeX Info: Redefining \% on input line 290.

Package fancyhdr Warning: \headheight is too small (6.50403pt): 
(fancyhdr)                Make it at least 14.49998pt, for example:
(fancyhdr)                \setlength{\headheight}{14.49998pt}.
(fancyhdr)                You might also make \topmargin smaller to compensate:
(fancyhdr)                \addtolength{\topmargin}{-7.99596pt}.

[62]
Overfull \hbox (12.61061pt too wide) detected at line 310
[]
 []

LaTeX Info: Redefining \. on input line 310.
LaTeX Info: Redefining \% on input line 310.

Package fancyhdr Warning: \headheight is too small (6.50403pt): 
(fancyhdr)                Make it at least 14.49998pt, for example:
(fancyhdr)                \setlength{\headheight}{14.49998pt}.
(fancyhdr)                You might also make \topmargin smaller to compensate:
(fancyhdr)                \addtolength{\topmargin}{-7.99596pt}.

[63])
LaTeX Info: Redefining \. on input line 194.
LaTeX Info: Redefining \% on input line 194.


Package fancyhdr Warning: \headheight is too small (6.50403pt): 
(fancyhdr)                Make it at least 14.49998pt, for example:
(fancyhdr)                \setlength{\headheight}{14.49998pt}.
(fancyhdr)                You might also make \topmargin smaller to compensate:
(fancyhdr)                \addtolength{\topmargin}{-7.99596pt}.

[64]
:<-
:<+ bibliografia.tex
\openout2 = `bibliografia.aux'.

(./bibliografia.tex
:<+ main.bbl
(./main.bbl

Package fancyhdr Warning: \fancyhead's `E' option without twoside option is useless on input line 77.


Package fancyhdr Warning: \headheight is too small (6.50403pt): 
(fancyhdr)                Make it at least 14.49998pt, for example:
(fancyhdr)                \setlength{\headheight}{14.49998pt}.
(fancyhdr)                You might also make \topmargin smaller to compensate:
(fancyhdr)                \addtolength{\topmargin}{-7.99596pt}.

[65







])
:<-
)
LaTeX Info: Redefining \. on input line 203.
LaTeX Info: Redefining \% on input line 203.


Package fancyhdr Warning: \headheight is too small (6.50403pt): 
(fancyhdr)                Make it at least 29.11858pt, for example:
(fancyhdr)                \setlength{\headheight}{29.11858pt}.
(fancyhdr)                You might also make \topmargin smaller to compensate:
(fancyhdr)                \addtolength{\topmargin}{-22.61455pt}.

[66]
:<-
(./main.aux (./portada.aux)
LaTeX Info: Redefining \. on input line 26.
LaTeX Info: Redefining \% on input line 26.
 (./agradecimientos.aux) (./contents.aux) (./introduccion_1.aux) (./capitulo_2.aux) (./capitulo_3.aux) (./capitulo_4.aux) (./capitulo_5.aux) (./bibliografia.aux))

LaTeX Warning: There were undefined references.


LaTeX Warning: Label(s) may have changed. Rerun to get cross-references right.


Package rerunfilecheck Warning: File `main.out' has changed.
(rerunfilecheck)                Rerun to get outlines right
(rerunfilecheck)                or use package `bookmark'.

Package rerunfilecheck Info: Checksums for `main.out':
(rerunfilecheck)             Before: <no file>
(rerunfilecheck)             After:  A911E59A59C62BE7989463ECCE28F96F;3661.
 ) 
Here is how much of TeX's memory you used:
 32052 strings out of 478276
 644945 string characters out of 5850489
 946452 words of memory out of 5000000
 49403 multiletter control sequences out of 15000+600000
 498563 words of font info for 105 fonts, out of 8000000 for 9000
 1141 hyphenation exceptions out of 8191
 85i,16n,82p,1391b,917s stack positions out of 5000i,500n,10000p,200000b,80000s
{c:/texlive/2021/texmf-dist/fonts/enc/dvips/cm-super/cm-super-t1.enc}<c:/texlive/2021/texmf-dist/fonts/type1/public/amsfonts/cm/cmbx12.pfb><c:/texlive/2021/texmf-dist/fonts/type1/public/amsfonts/cm/cmbx8.pfb><c:/texlive/2021/texmf-dist/fonts/type1/public/amsfonts/cm/cmex10.pfb><c:/texlive/2021/texmf-dist/fonts/type1/public/amsfonts/cm/cmmi12.pfb><c:/texlive/2021/texmf-dist/fonts/type1/public/amsfonts/cm/cmmi6.pfb><c:/texlive/2021/texmf-dist/fonts/type1/public/amsfonts/cm/cmmi8.pfb><c:/texlive/2021/texmf-dist/fonts/type1/public/amsfonts/cm/cmr12.pfb><c:/texlive/2021/texmf-dist/fonts/type1/public/amsfonts/cm/cmr6.pfb><c:/texlive/2021/texmf-dist/fonts/type1/public/amsfonts/cm/cmr8.pfb><c:/texlive/2021/texmf-dist/fonts/type1/public/amsfonts/cm/cmsy10.pfb><c:/texlive/2021/texmf-dist/fonts/type1/public/amsfonts/cm/cmsy6.pfb><c:/texlive/2021/texmf-dist/fonts/type1/public/amsfonts/cm/cmsy8.pfb><c:/texlive/2021/texmf-dist/fonts/type1/public/esint-type1/esint10.pfb><c:/texlive/2021/texmf-dist/fonts/type1/public/amsfonts/euler/eufm10.pfb><c:/texlive/2021/texmf-dist/fonts/type1/public/amsfonts/symbols/msbm10.pfb><c:/texlive/2021/texmf-dist/fonts/type1/public/cm-super/sfbx1000.pfb><c:/texlive/2021/texmf-dist/fonts/type1/public/cm-super/sfbx1200.pfb><c:/texlive/2021/texmf-dist/fonts/type1/public/cm-super/sfbx1440.pfb><c:/texlive/2021/texmf-dist/fonts/type1/public/cm-super/sfbx1728.pfb><c:/texlive/2021/texmf-dist/fonts/type1/public/cm-super/sfbx2074.pfb><c:/texlive/2021/texmf-dist/fonts/type1/public/cm-super/sfcc1440.pfb><c:/texlive/2021/texmf-dist/fonts/type1/public/cm-super/sfcc2074.pfb><c:/texlive/2021/texmf-dist/fonts/type1/public/cm-super/sfrm0700.pfb><c:/texlive/2021/texmf-dist/fonts/type1/public/cm-super/sfrm0800.pfb><c:/texlive/2021/texmf-dist/fonts/type1/public/cm-super/sfrm1000.pfb><c:/texlive/2021/texmf-dist/fonts/type1/public/cm-super/sfrm1200.pfb><c:/texlive/2021/texmf-dist/fonts/type1/public/cm-super/sfrm1440.pfb><c:/texlive/2021/texmf-dist/fonts/type1/public/cm-super/sfti1200.pfb><c:/texlive/2021/texmf-dist/fonts/type1/public/yhmath/yhcmex.pfb>
Output written on main.pdf (66 pages, 569828 bytes).
PDF statistics:
 645 PDF objects out of 1000 (max. 8388607)
 494 compressed objects within 5 object streams
 203 named destinations out of 1000 (max. 500000)
 119 words of extra memory for PDF output out of 10000 (max. 10000000)

